nohup: 忽略输入
dataset_cifar100_imb0.02_lr0.3_batch_size256_N_GPU1_epochs200
200
Namespace(dataset='cifar100', data='/home/xiongshihao/code/data', arch='resnet32', workers=8, epochs=200, temp=0.1, start_epoch=0, batch_size=256, imb_factor=0.02, lr=0.3, schedule=[160, 180], momentum=0.9, weight_decay=0.0002, print_freq=40, evaluate=False, resume='', gpu=0, alpha=1.0, feat_dim=128, warmup_epochs=5, root_log='saved', cos=False, use_norm=False, seed=None, reload=False, mark='dataset_cifar100_imb0.02_lr0.3_batch_size256_N_GPU1_epochs200', test=None, store_name='dataset_cifar100_imb0.02_lr0.3_batch_size256_N_GPU1_epochs200', world_size=1, rank=0, distributed=True, multiprocessing_distributed=True)
Use GPU: 0 for training
=> creating model 'resnet32'
Files already downloaded and verified
Files already downloaded and verified
===> Training data length 12608
===> Val dataset size: 10000
Epoch 0
Epoch: [0][0/49] 	Time 1.577 (1.577)	CE_Loss 4.8309 (4.8309)	SCL_Loss 3.6631 (3.6631)	Prec@1 6.641 (6.641)
Epoch: [0][40/49] 	Time 0.118 (0.154)	CE_Loss 3.9803 (4.2300)	SCL_Loss 3.8516 (3.8776)	Prec@1 4.297 (3.735)
Best Prec@1: 3.690, Many Prec@1: 8.098, Med Prec@1: 0.829, Few Prec@1: 0.167
Epoch 1
Epoch: [1][0/49] 	Time 0.692 (0.692)	CE_Loss 4.0037 (4.0037)	SCL_Loss 3.8464 (3.8464)	Prec@1 5.859 (5.859)
Epoch: [1][40/49] 	Time 0.117 (0.131)	CE_Loss 3.9223 (3.9878)	SCL_Loss 3.7976 (3.8760)	Prec@1 8.594 (5.326)
Best Prec@1: 5.110, Many Prec@1: 10.146, Med Prec@1: 2.317, Few Prec@1: 0.000
Epoch 2
Epoch: [2][0/49] 	Time 0.669 (0.669)	CE_Loss 3.8405 (3.8405)	SCL_Loss 3.8546 (3.8546)	Prec@1 5.859 (5.859)
Epoch: [2][40/49] 	Time 0.118 (0.130)	CE_Loss 3.8852 (3.8776)	SCL_Loss 3.7580 (3.8235)	Prec@1 8.984 (6.317)
Best Prec@1: 7.130, Many Prec@1: 14.976, Med Prec@1: 1.927, Few Prec@1: 1.111
Epoch 3
Epoch: [3][0/49] 	Time 0.665 (0.665)	CE_Loss 3.8257 (3.8257)	SCL_Loss 3.7754 (3.7754)	Prec@1 8.203 (8.203)
Epoch: [3][40/49] 	Time 0.115 (0.131)	CE_Loss 3.6800 (3.8174)	SCL_Loss 3.7040 (3.7615)	Prec@1 10.156 (9.146)
Best Prec@1: 7.410, Many Prec@1: 13.829, Med Prec@1: 3.683, Few Prec@1: 1.278
Epoch 4
Epoch: [4][0/49] 	Time 0.731 (0.731)	CE_Loss 3.9592 (3.9592)	SCL_Loss 3.8834 (3.8834)	Prec@1 8.594 (8.594)
Epoch: [4][40/49] 	Time 0.115 (0.141)	CE_Loss 3.6202 (3.7460)	SCL_Loss 3.7014 (3.6942)	Prec@1 11.719 (10.976)
Best Prec@1: 8.010, Many Prec@1: 11.634, Med Prec@1: 7.805, Few Prec@1: 0.222
Epoch 5
Epoch: [5][0/49] 	Time 0.669 (0.669)	CE_Loss 3.7926 (3.7926)	SCL_Loss 3.7079 (3.7079)	Prec@1 12.109 (12.109)
Epoch: [5][40/49] 	Time 0.115 (0.131)	CE_Loss 3.6871 (3.6378)	SCL_Loss 3.5766 (3.6024)	Prec@1 13.281 (12.481)
Best Prec@1: 10.840, Many Prec@1: 17.780, Med Prec@1: 8.244, Few Prec@1: 0.944
Epoch 6
Epoch: [6][0/49] 	Time 0.670 (0.670)	CE_Loss 3.4222 (3.4222)	SCL_Loss 3.4403 (3.4403)	Prec@1 13.672 (13.672)
Epoch: [6][40/49] 	Time 0.113 (0.131)	CE_Loss 3.3207 (3.5397)	SCL_Loss 3.4590 (3.5447)	Prec@1 17.578 (14.244)
Best Prec@1: 12.140, Many Prec@1: 19.073, Med Prec@1: 9.220, Few Prec@1: 3.000
Epoch 7
Epoch: [7][0/49] 	Time 0.670 (0.670)	CE_Loss 3.5089 (3.5089)	SCL_Loss 3.4879 (3.4879)	Prec@1 19.922 (19.922)
Epoch: [7][40/49] 	Time 0.115 (0.131)	CE_Loss 3.4672 (3.4357)	SCL_Loss 3.5113 (3.4613)	Prec@1 16.406 (17.235)
Best Prec@1: 12.790, Many Prec@1: 19.683, Med Prec@1: 10.756, Few Prec@1: 1.722
Epoch 8
Epoch: [8][0/49] 	Time 0.677 (0.677)	CE_Loss 3.2693 (3.2693)	SCL_Loss 3.3265 (3.3265)	Prec@1 19.922 (19.922)
Epoch: [8][40/49] 	Time 0.124 (0.134)	CE_Loss 3.1657 (3.3330)	SCL_Loss 3.2350 (3.3556)	Prec@1 19.531 (19.817)
Best Prec@1: 12.790, Many Prec@1: 19.683, Med Prec@1: 10.756, Few Prec@1: 1.722
Epoch 9
Epoch: [9][0/49] 	Time 0.697 (0.697)	CE_Loss 3.2433 (3.2433)	SCL_Loss 3.3196 (3.3196)	Prec@1 22.656 (22.656)
Epoch: [9][40/49] 	Time 0.119 (0.133)	CE_Loss 3.3342 (3.2195)	SCL_Loss 3.3985 (3.2849)	Prec@1 17.578 (22.228)
Best Prec@1: 17.560, Many Prec@1: 25.829, Med Prec@1: 15.561, Few Prec@1: 3.278
Epoch 10
Epoch: [10][0/49] 	Time 0.710 (0.710)	CE_Loss 3.0873 (3.0873)	SCL_Loss 3.1255 (3.1255)	Prec@1 25.781 (25.781)
Epoch: [10][40/49] 	Time 0.140 (0.153)	CE_Loss 3.0907 (3.1011)	SCL_Loss 3.1470 (3.1913)	Prec@1 22.266 (24.562)
Best Prec@1: 17.560, Many Prec@1: 25.829, Med Prec@1: 15.561, Few Prec@1: 3.278
Epoch 11
Epoch: [11][0/49] 	Time 0.713 (0.713)	CE_Loss 2.9711 (2.9711)	SCL_Loss 3.2319 (3.2319)	Prec@1 28.906 (28.906)
Epoch: [11][40/49] 	Time 0.112 (0.135)	CE_Loss 2.8151 (3.0115)	SCL_Loss 3.0475 (3.1285)	Prec@1 30.469 (25.724)
Best Prec@1: 18.850, Many Prec@1: 24.634, Med Prec@1: 19.244, Few Prec@1: 4.778
Epoch 12
Epoch: [12][0/49] 	Time 0.665 (0.665)	CE_Loss 2.8794 (2.8794)	SCL_Loss 3.0994 (3.0994)	Prec@1 26.562 (26.562)
Epoch: [12][40/49] 	Time 0.119 (0.130)	CE_Loss 2.9487 (2.9549)	SCL_Loss 3.1154 (3.0878)	Prec@1 24.219 (27.001)
Best Prec@1: 20.900, Many Prec@1: 30.805, Med Prec@1: 18.146, Few Prec@1: 4.611
Epoch 13
Epoch: [13][0/49] 	Time 0.671 (0.671)	CE_Loss 2.8940 (2.8940)	SCL_Loss 2.9768 (2.9768)	Prec@1 32.812 (32.812)
Epoch: [13][40/49] 	Time 0.128 (0.140)	CE_Loss 2.8017 (2.8709)	SCL_Loss 3.0623 (3.0411)	Prec@1 29.688 (28.830)
Best Prec@1: 24.200, Many Prec@1: 31.171, Med Prec@1: 22.024, Few Prec@1: 13.278
Epoch 14
Epoch: [14][0/49] 	Time 0.775 (0.775)	CE_Loss 2.7456 (2.7456)	SCL_Loss 2.8637 (2.8637)	Prec@1 33.203 (33.203)
Epoch: [14][40/49] 	Time 0.122 (0.134)	CE_Loss 2.7696 (2.7968)	SCL_Loss 3.0110 (2.9779)	Prec@1 29.688 (30.078)
Best Prec@1: 24.200, Many Prec@1: 31.171, Med Prec@1: 22.024, Few Prec@1: 13.278
Epoch 15
Epoch: [15][0/49] 	Time 0.697 (0.697)	CE_Loss 2.7842 (2.7842)	SCL_Loss 2.9981 (2.9981)	Prec@1 29.297 (29.297)
Epoch: [15][40/49] 	Time 0.119 (0.133)	CE_Loss 2.7492 (2.7525)	SCL_Loss 2.9421 (2.9412)	Prec@1 33.203 (31.774)
Best Prec@1: 24.200, Many Prec@1: 31.171, Med Prec@1: 22.024, Few Prec@1: 13.278
Epoch 16
Epoch: [16][0/49] 	Time 0.686 (0.686)	CE_Loss 2.5898 (2.5898)	SCL_Loss 2.8387 (2.8387)	Prec@1 35.156 (35.156)
Epoch: [16][40/49] 	Time 0.111 (0.131)	CE_Loss 2.6834 (2.6892)	SCL_Loss 2.8403 (2.8895)	Prec@1 35.938 (32.889)
Best Prec@1: 24.200, Many Prec@1: 31.171, Med Prec@1: 22.024, Few Prec@1: 13.278
Epoch 17
Epoch: [17][0/49] 	Time 0.697 (0.697)	CE_Loss 2.4374 (2.4374)	SCL_Loss 2.7888 (2.7888)	Prec@1 35.156 (35.156)
Epoch: [17][40/49] 	Time 0.112 (0.131)	CE_Loss 2.4797 (2.6229)	SCL_Loss 2.7597 (2.8624)	Prec@1 32.812 (34.661)
Best Prec@1: 24.580, Many Prec@1: 36.098, Med Prec@1: 20.561, Few Prec@1: 7.500
Epoch 18
Epoch: [18][0/49] 	Time 0.683 (0.683)	CE_Loss 2.5233 (2.5233)	SCL_Loss 2.8173 (2.8173)	Prec@1 35.938 (35.938)
Epoch: [18][40/49] 	Time 0.114 (0.131)	CE_Loss 2.6175 (2.5724)	SCL_Loss 2.8950 (2.8372)	Prec@1 31.641 (35.042)
Best Prec@1: 24.580, Many Prec@1: 36.098, Med Prec@1: 20.561, Few Prec@1: 7.500
Epoch 19
Epoch: [19][0/49] 	Time 0.695 (0.695)	CE_Loss 2.4021 (2.4021)	SCL_Loss 2.7835 (2.7835)	Prec@1 41.406 (41.406)
Epoch: [19][40/49] 	Time 0.130 (0.135)	CE_Loss 2.4465 (2.5154)	SCL_Loss 2.7402 (2.7755)	Prec@1 35.547 (36.471)
Best Prec@1: 29.960, Many Prec@1: 38.585, Med Prec@1: 28.463, Few Prec@1: 13.722
Epoch 20
Epoch: [20][0/49] 	Time 0.757 (0.757)	CE_Loss 2.3091 (2.3091)	SCL_Loss 2.6388 (2.6388)	Prec@1 40.234 (40.234)
Epoch: [20][40/49] 	Time 0.115 (0.133)	CE_Loss 2.4599 (2.4654)	SCL_Loss 2.5890 (2.7532)	Prec@1 39.062 (38.081)
Best Prec@1: 29.960, Many Prec@1: 38.585, Med Prec@1: 28.463, Few Prec@1: 13.722
Epoch 21
Epoch: [21][0/49] 	Time 0.741 (0.741)	CE_Loss 2.3980 (2.3980)	SCL_Loss 2.5887 (2.5887)	Prec@1 45.312 (45.312)
Epoch: [21][40/49] 	Time 0.118 (0.134)	CE_Loss 2.5253 (2.5046)	SCL_Loss 2.7108 (2.7334)	Prec@1 37.500 (37.300)
Best Prec@1: 29.960, Many Prec@1: 38.585, Med Prec@1: 28.463, Few Prec@1: 13.722
Epoch 22
Epoch: [22][0/49] 	Time 0.754 (0.754)	CE_Loss 2.3319 (2.3319)	SCL_Loss 2.6803 (2.6803)	Prec@1 42.188 (42.188)
Epoch: [22][40/49] 	Time 0.120 (0.132)	CE_Loss 2.5146 (2.4045)	SCL_Loss 2.7957 (2.7000)	Prec@1 33.594 (39.939)
Best Prec@1: 29.960, Many Prec@1: 38.585, Med Prec@1: 28.463, Few Prec@1: 13.722
Epoch 23
Epoch: [23][0/49] 	Time 0.775 (0.775)	CE_Loss 2.3876 (2.3876)	SCL_Loss 2.6876 (2.6876)	Prec@1 39.062 (39.062)
Epoch: [23][40/49] 	Time 0.113 (0.133)	CE_Loss 2.3392 (2.3842)	SCL_Loss 2.6511 (2.6619)	Prec@1 38.281 (39.729)
Best Prec@1: 30.530, Many Prec@1: 39.317, Med Prec@1: 27.512, Few Prec@1: 17.389
Epoch 24
Epoch: [24][0/49] 	Time 0.780 (0.780)	CE_Loss 2.3257 (2.3257)	SCL_Loss 2.7096 (2.7096)	Prec@1 38.281 (38.281)
Epoch: [24][40/49] 	Time 0.118 (0.138)	CE_Loss 2.2645 (2.3463)	SCL_Loss 2.5461 (2.6379)	Prec@1 42.578 (40.825)
Best Prec@1: 31.150, Many Prec@1: 43.659, Med Prec@1: 25.878, Few Prec@1: 14.667
Epoch 25
Epoch: [25][0/49] 	Time 0.728 (0.728)	CE_Loss 2.1405 (2.1405)	SCL_Loss 2.5689 (2.5689)	Prec@1 43.359 (43.359)
Epoch: [25][40/49] 	Time 0.115 (0.132)	CE_Loss 2.4782 (2.3138)	SCL_Loss 2.6078 (2.6355)	Prec@1 41.016 (41.178)
Best Prec@1: 31.890, Many Prec@1: 42.098, Med Prec@1: 30.024, Few Prec@1: 12.889
Epoch 26
Epoch: [26][0/49] 	Time 0.763 (0.763)	CE_Loss 2.3831 (2.3831)	SCL_Loss 2.7464 (2.7464)	Prec@1 42.188 (42.188)
Epoch: [26][40/49] 	Time 0.113 (0.132)	CE_Loss 2.1382 (2.2666)	SCL_Loss 2.4839 (2.5836)	Prec@1 44.922 (43.131)
Best Prec@1: 31.890, Many Prec@1: 42.098, Med Prec@1: 30.024, Few Prec@1: 12.889
Epoch 27
Epoch: [27][0/49] 	Time 0.805 (0.805)	CE_Loss 2.3194 (2.3194)	SCL_Loss 2.6288 (2.6288)	Prec@1 41.016 (41.016)
Epoch: [27][40/49] 	Time 0.114 (0.134)	CE_Loss 2.3506 (2.2467)	SCL_Loss 2.7076 (2.5809)	Prec@1 39.062 (43.035)
Best Prec@1: 31.890, Many Prec@1: 42.098, Med Prec@1: 30.024, Few Prec@1: 12.889
Epoch 28
Epoch: [28][0/49] 	Time 0.749 (0.749)	CE_Loss 2.3472 (2.3472)	SCL_Loss 2.6652 (2.6652)	Prec@1 45.703 (45.703)
Epoch: [28][40/49] 	Time 0.115 (0.132)	CE_Loss 2.0465 (2.2538)	SCL_Loss 2.5279 (2.5835)	Prec@1 46.875 (43.226)
Best Prec@1: 31.890, Many Prec@1: 42.098, Med Prec@1: 30.024, Few Prec@1: 12.889
Epoch 29
Epoch: [29][0/49] 	Time 0.746 (0.746)	CE_Loss 2.2495 (2.2495)	SCL_Loss 2.4279 (2.4279)	Prec@1 40.234 (40.234)
Epoch: [29][40/49] 	Time 0.115 (0.133)	CE_Loss 2.0807 (2.2186)	SCL_Loss 2.5792 (2.5322)	Prec@1 44.922 (44.426)
Best Prec@1: 31.890, Many Prec@1: 42.098, Med Prec@1: 30.024, Few Prec@1: 12.889
Epoch 30
Epoch: [30][0/49] 	Time 0.752 (0.752)	CE_Loss 2.0349 (2.0349)	SCL_Loss 2.3899 (2.3899)	Prec@1 47.266 (47.266)
Epoch: [30][40/49] 	Time 0.126 (0.134)	CE_Loss 2.1839 (2.1806)	SCL_Loss 2.5987 (2.5351)	Prec@1 45.312 (44.836)
Best Prec@1: 34.010, Many Prec@1: 44.146, Med Prec@1: 31.902, Few Prec@1: 15.722
Epoch 31
Epoch: [31][0/49] 	Time 0.702 (0.702)	CE_Loss 2.1067 (2.1067)	SCL_Loss 2.5032 (2.5032)	Prec@1 49.219 (49.219)
Epoch: [31][40/49] 	Time 0.118 (0.131)	CE_Loss 2.1780 (2.1352)	SCL_Loss 2.5735 (2.5127)	Prec@1 44.531 (46.332)
Best Prec@1: 34.850, Many Prec@1: 45.512, Med Prec@1: 32.902, Few Prec@1: 15.000
Epoch 32
Epoch: [32][0/49] 	Time 0.716 (0.716)	CE_Loss 2.0423 (2.0423)	SCL_Loss 2.6156 (2.6156)	Prec@1 43.359 (43.359)
Epoch: [32][40/49] 	Time 0.135 (0.136)	CE_Loss 2.0748 (2.1374)	SCL_Loss 2.4709 (2.4885)	Prec@1 48.047 (45.913)
Best Prec@1: 34.850, Many Prec@1: 45.512, Med Prec@1: 32.902, Few Prec@1: 15.000
Epoch 33
Epoch: [33][0/49] 	Time 0.764 (0.764)	CE_Loss 2.0873 (2.0873)	SCL_Loss 2.6465 (2.6465)	Prec@1 46.094 (46.094)
Epoch: [33][40/49] 	Time 0.117 (0.133)	CE_Loss 2.1974 (2.1010)	SCL_Loss 2.6538 (2.4802)	Prec@1 45.703 (47.732)
Best Prec@1: 36.040, Many Prec@1: 42.024, Med Prec@1: 37.244, Few Prec@1: 19.667
Epoch 34
Epoch: [34][0/49] 	Time 0.771 (0.771)	CE_Loss 1.9786 (1.9786)	SCL_Loss 2.3300 (2.3300)	Prec@1 48.828 (48.828)
Epoch: [34][40/49] 	Time 0.123 (0.137)	CE_Loss 2.0256 (2.1174)	SCL_Loss 2.3959 (2.4704)	Prec@1 51.562 (46.961)
Best Prec@1: 36.040, Many Prec@1: 42.024, Med Prec@1: 37.244, Few Prec@1: 19.667
Epoch 35
Epoch: [35][0/49] 	Time 0.743 (0.743)	CE_Loss 1.9219 (1.9219)	SCL_Loss 2.4837 (2.4837)	Prec@1 48.047 (48.047)
Epoch: [35][40/49] 	Time 0.116 (0.135)	CE_Loss 2.0742 (2.0711)	SCL_Loss 2.4368 (2.4446)	Prec@1 49.219 (47.894)
Best Prec@1: 36.040, Many Prec@1: 42.024, Med Prec@1: 37.244, Few Prec@1: 19.667
Epoch 36
Epoch: [36][0/49] 	Time 0.705 (0.705)	CE_Loss 2.1068 (2.1068)	SCL_Loss 2.3706 (2.3706)	Prec@1 43.750 (43.750)
Epoch: [36][40/49] 	Time 0.115 (0.131)	CE_Loss 2.0660 (2.0450)	SCL_Loss 2.4095 (2.4412)	Prec@1 47.266 (48.314)
Best Prec@1: 36.040, Many Prec@1: 42.024, Med Prec@1: 37.244, Few Prec@1: 19.667
Epoch 37
Epoch: [37][0/49] 	Time 0.755 (0.755)	CE_Loss 1.8982 (1.8982)	SCL_Loss 2.4621 (2.4621)	Prec@1 49.609 (49.609)
Epoch: [37][40/49] 	Time 0.115 (0.132)	CE_Loss 2.0550 (2.0263)	SCL_Loss 2.4650 (2.4100)	Prec@1 50.391 (48.428)
Best Prec@1: 36.040, Many Prec@1: 42.024, Med Prec@1: 37.244, Few Prec@1: 19.667
Epoch 38
Epoch: [38][0/49] 	Time 0.796 (0.796)	CE_Loss 1.8148 (1.8148)	SCL_Loss 2.2347 (2.2347)	Prec@1 54.297 (54.297)
Epoch: [38][40/49] 	Time 0.117 (0.136)	CE_Loss 2.3213 (2.0491)	SCL_Loss 2.4207 (2.3957)	Prec@1 42.578 (49.143)
Best Prec@1: 36.040, Many Prec@1: 42.024, Med Prec@1: 37.244, Few Prec@1: 19.667
Epoch 39
Epoch: [39][0/49] 	Time 0.761 (0.761)	CE_Loss 1.8540 (1.8540)	SCL_Loss 2.3015 (2.3015)	Prec@1 52.734 (52.734)
Epoch: [39][40/49] 	Time 0.116 (0.139)	CE_Loss 1.8682 (2.0075)	SCL_Loss 2.3643 (2.3924)	Prec@1 48.438 (49.886)
Best Prec@1: 38.580, Many Prec@1: 50.000, Med Prec@1: 34.537, Few Prec@1: 21.778
Epoch 40
Epoch: [40][0/49] 	Time 0.752 (0.752)	CE_Loss 2.0104 (2.0104)	SCL_Loss 2.3750 (2.3750)	Prec@1 57.031 (57.031)
Epoch: [40][40/49] 	Time 0.116 (0.135)	CE_Loss 2.0525 (1.9783)	SCL_Loss 2.5750 (2.3613)	Prec@1 42.188 (50.486)
Best Prec@1: 38.580, Many Prec@1: 50.000, Med Prec@1: 34.537, Few Prec@1: 21.778
Epoch 41
Epoch: [41][0/49] 	Time 0.722 (0.722)	CE_Loss 1.8653 (1.8653)	SCL_Loss 2.3912 (2.3912)	Prec@1 51.953 (51.953)
Epoch: [41][40/49] 	Time 0.115 (0.134)	CE_Loss 2.0289 (1.9878)	SCL_Loss 2.3975 (2.3806)	Prec@1 49.219 (51.077)
Best Prec@1: 38.580, Many Prec@1: 50.000, Med Prec@1: 34.537, Few Prec@1: 21.778
Epoch 42
Epoch: [42][0/49] 	Time 0.742 (0.742)	CE_Loss 1.8981 (1.8981)	SCL_Loss 2.2545 (2.2545)	Prec@1 52.734 (52.734)
Epoch: [42][40/49] 	Time 0.117 (0.133)	CE_Loss 2.0157 (1.9627)	SCL_Loss 2.4931 (2.3680)	Prec@1 49.609 (50.943)
Best Prec@1: 38.580, Many Prec@1: 50.000, Med Prec@1: 34.537, Few Prec@1: 21.778
Epoch 43
Epoch: [43][0/49] 	Time 0.782 (0.782)	CE_Loss 2.1540 (2.1540)	SCL_Loss 2.3839 (2.3839)	Prec@1 50.391 (50.391)
Epoch: [43][40/49] 	Time 0.122 (0.133)	CE_Loss 2.1611 (1.9874)	SCL_Loss 2.4977 (2.3576)	Prec@1 47.266 (50.924)
Best Prec@1: 38.580, Many Prec@1: 50.000, Med Prec@1: 34.537, Few Prec@1: 21.778
Epoch 44
Epoch: [44][0/49] 	Time 0.756 (0.756)	CE_Loss 1.8556 (1.8556)	SCL_Loss 2.1893 (2.1893)	Prec@1 51.953 (51.953)
Epoch: [44][40/49] 	Time 0.114 (0.133)	CE_Loss 1.9689 (1.9262)	SCL_Loss 2.2889 (2.3070)	Prec@1 50.781 (51.848)
Best Prec@1: 38.580, Many Prec@1: 50.000, Med Prec@1: 34.537, Few Prec@1: 21.778
Epoch 45
Epoch: [45][0/49] 	Time 0.707 (0.707)	CE_Loss 1.8637 (1.8637)	SCL_Loss 2.3048 (2.3048)	Prec@1 53.906 (53.906)
Epoch: [45][40/49] 	Time 0.116 (0.139)	CE_Loss 1.8236 (1.9390)	SCL_Loss 2.3350 (2.3377)	Prec@1 51.953 (51.915)
Best Prec@1: 38.580, Many Prec@1: 50.000, Med Prec@1: 34.537, Few Prec@1: 21.778
Epoch 46
Epoch: [46][0/49] 	Time 0.744 (0.744)	CE_Loss 1.7886 (1.7886)	SCL_Loss 2.1195 (2.1195)	Prec@1 55.859 (55.859)
Epoch: [46][40/49] 	Time 0.118 (0.134)	CE_Loss 2.0304 (1.9031)	SCL_Loss 2.3086 (2.3113)	Prec@1 45.312 (52.220)
Best Prec@1: 38.580, Many Prec@1: 50.000, Med Prec@1: 34.537, Few Prec@1: 21.778
Epoch 47
Epoch: [47][0/49] 	Time 0.734 (0.734)	CE_Loss 1.9313 (1.9313)	SCL_Loss 2.3530 (2.3530)	Prec@1 55.078 (55.078)
Epoch: [47][40/49] 	Time 0.116 (0.134)	CE_Loss 1.9534 (1.9243)	SCL_Loss 2.3673 (2.2902)	Prec@1 53.906 (52.306)
Best Prec@1: 39.800, Many Prec@1: 49.463, Med Prec@1: 36.951, Few Prec@1: 24.278
Epoch 48
Epoch: [48][0/49] 	Time 0.741 (0.741)	CE_Loss 2.0248 (2.0248)	SCL_Loss 2.4834 (2.4834)	Prec@1 48.828 (48.828)
Epoch: [48][40/49] 	Time 0.115 (0.133)	CE_Loss 1.8950 (1.8840)	SCL_Loss 2.4371 (2.2995)	Prec@1 51.562 (53.001)
Best Prec@1: 39.800, Many Prec@1: 49.463, Med Prec@1: 36.951, Few Prec@1: 24.278
Epoch 49
Epoch: [49][0/49] 	Time 0.749 (0.749)	CE_Loss 1.9247 (1.9247)	SCL_Loss 2.2095 (2.2095)	Prec@1 48.438 (48.438)
Epoch: [49][40/49] 	Time 0.116 (0.133)	CE_Loss 1.8483 (1.8873)	SCL_Loss 2.2774 (2.2901)	Prec@1 52.344 (52.896)
Best Prec@1: 39.800, Many Prec@1: 49.463, Med Prec@1: 36.951, Few Prec@1: 24.278
Epoch 50
Epoch: [50][0/49] 	Time 0.777 (0.777)	CE_Loss 1.8421 (1.8421)	SCL_Loss 2.2240 (2.2240)	Prec@1 51.953 (51.953)
Epoch: [50][40/49] 	Time 0.118 (0.133)	CE_Loss 1.9135 (1.8802)	SCL_Loss 2.2643 (2.2648)	Prec@1 52.734 (53.449)
Best Prec@1: 39.800, Many Prec@1: 49.463, Med Prec@1: 36.951, Few Prec@1: 24.278
Epoch 51
Epoch: [51][0/49] 	Time 0.785 (0.785)	CE_Loss 1.8892 (1.8892)	SCL_Loss 2.3263 (2.3263)	Prec@1 51.953 (51.953)
Epoch: [51][40/49] 	Time 0.116 (0.137)	CE_Loss 1.7946 (1.8558)	SCL_Loss 2.1897 (2.2774)	Prec@1 52.734 (54.383)
Best Prec@1: 39.800, Many Prec@1: 49.463, Med Prec@1: 36.951, Few Prec@1: 24.278
Epoch 52
Epoch: [52][0/49] 	Time 0.795 (0.795)	CE_Loss 1.8659 (1.8659)	SCL_Loss 2.3070 (2.3070)	Prec@1 55.469 (55.469)
Epoch: [52][40/49] 	Time 0.112 (0.134)	CE_Loss 1.7776 (1.8743)	SCL_Loss 2.1441 (2.2481)	Prec@1 57.031 (54.726)
Best Prec@1: 39.800, Many Prec@1: 49.463, Med Prec@1: 36.951, Few Prec@1: 24.278
Epoch 53
Epoch: [53][0/49] 	Time 0.787 (0.787)	CE_Loss 1.8585 (1.8585)	SCL_Loss 2.1479 (2.1479)	Prec@1 52.344 (52.344)
Epoch: [53][40/49] 	Time 0.114 (0.136)	CE_Loss 1.9040 (1.8874)	SCL_Loss 2.3804 (2.2598)	Prec@1 51.172 (53.697)
Best Prec@1: 39.800, Many Prec@1: 49.463, Med Prec@1: 36.951, Few Prec@1: 24.278
Epoch 54
Epoch: [54][0/49] 	Time 0.709 (0.709)	CE_Loss 1.7121 (1.7121)	SCL_Loss 2.0894 (2.0894)	Prec@1 55.078 (55.078)
Epoch: [54][40/49] 	Time 0.118 (0.132)	CE_Loss 1.7153 (1.8382)	SCL_Loss 2.1999 (2.2368)	Prec@1 58.984 (54.640)
Best Prec@1: 39.800, Many Prec@1: 49.463, Med Prec@1: 36.951, Few Prec@1: 24.278
Epoch 55
Epoch: [55][0/49] 	Time 0.741 (0.741)	CE_Loss 1.7015 (1.7015)	SCL_Loss 2.1429 (2.1429)	Prec@1 52.734 (52.734)
Epoch: [55][40/49] 	Time 0.116 (0.133)	CE_Loss 1.7809 (1.8312)	SCL_Loss 2.1689 (2.2343)	Prec@1 56.641 (54.449)
Best Prec@1: 39.800, Many Prec@1: 49.463, Med Prec@1: 36.951, Few Prec@1: 24.278
Epoch 56
Epoch: [56][0/49] 	Time 0.773 (0.773)	CE_Loss 1.7957 (1.7957)	SCL_Loss 2.2652 (2.2652)	Prec@1 56.641 (56.641)
Epoch: [56][40/49] 	Time 0.116 (0.138)	CE_Loss 1.9918 (1.8236)	SCL_Loss 2.3942 (2.2489)	Prec@1 49.609 (55.316)
Best Prec@1: 39.800, Many Prec@1: 49.463, Med Prec@1: 36.951, Few Prec@1: 24.278
Epoch 57
Epoch: [57][0/49] 	Time 0.762 (0.762)	CE_Loss 1.8815 (1.8815)	SCL_Loss 2.1919 (2.1919)	Prec@1 56.250 (56.250)
Epoch: [57][40/49] 	Time 0.118 (0.136)	CE_Loss 1.8037 (1.8146)	SCL_Loss 2.1720 (2.2308)	Prec@1 54.688 (55.688)
Best Prec@1: 39.880, Many Prec@1: 50.756, Med Prec@1: 36.390, Few Prec@1: 23.056
Epoch 58
Epoch: [58][0/49] 	Time 0.728 (0.728)	CE_Loss 1.6986 (1.6986)	SCL_Loss 2.1651 (2.1651)	Prec@1 58.594 (58.594)
Epoch: [58][40/49] 	Time 0.116 (0.132)	CE_Loss 1.8623 (1.8130)	SCL_Loss 2.2275 (2.2173)	Prec@1 51.953 (55.526)
Best Prec@1: 39.880, Many Prec@1: 50.756, Med Prec@1: 36.390, Few Prec@1: 23.056
Epoch 59
Epoch: [59][0/49] 	Time 0.773 (0.773)	CE_Loss 1.7030 (1.7030)	SCL_Loss 2.2106 (2.2106)	Prec@1 54.297 (54.297)
Epoch: [59][40/49] 	Time 0.117 (0.133)	CE_Loss 1.8122 (1.8203)	SCL_Loss 2.1718 (2.2039)	Prec@1 57.031 (55.726)
Best Prec@1: 39.880, Many Prec@1: 50.756, Med Prec@1: 36.390, Few Prec@1: 23.056
Epoch 60
Epoch: [60][0/49] 	Time 0.778 (0.778)	CE_Loss 1.6495 (1.6495)	SCL_Loss 2.0996 (2.0996)	Prec@1 57.031 (57.031)
Epoch: [60][40/49] 	Time 0.115 (0.138)	CE_Loss 1.9271 (1.7976)	SCL_Loss 2.2577 (2.1889)	Prec@1 55.469 (56.545)
Best Prec@1: 39.880, Many Prec@1: 50.756, Med Prec@1: 36.390, Few Prec@1: 23.056
Epoch 61
Epoch: [61][0/49] 	Time 0.741 (0.741)	CE_Loss 1.8748 (1.8748)	SCL_Loss 2.1532 (2.1532)	Prec@1 60.547 (60.547)
Epoch: [61][40/49] 	Time 0.118 (0.133)	CE_Loss 1.7763 (1.8118)	SCL_Loss 2.1065 (2.1964)	Prec@1 53.906 (56.536)
Best Prec@1: 41.570, Many Prec@1: 53.463, Med Prec@1: 37.073, Few Prec@1: 24.722
Epoch 62
Epoch: [62][0/49] 	Time 0.764 (0.764)	CE_Loss 1.7258 (1.7258)	SCL_Loss 2.1960 (2.1960)	Prec@1 58.594 (58.594)
Epoch: [62][40/49] 	Time 0.119 (0.133)	CE_Loss 1.6819 (1.7561)	SCL_Loss 2.2068 (2.1931)	Prec@1 57.812 (57.088)
Best Prec@1: 41.570, Many Prec@1: 53.463, Med Prec@1: 37.073, Few Prec@1: 24.722
Epoch 63
Epoch: [63][0/49] 	Time 0.760 (0.760)	CE_Loss 1.8743 (1.8743)	SCL_Loss 2.0835 (2.0835)	Prec@1 58.984 (58.984)
Epoch: [63][40/49] 	Time 0.117 (0.136)	CE_Loss 1.7515 (1.7871)	SCL_Loss 2.1662 (2.2007)	Prec@1 53.906 (56.974)
Best Prec@1: 41.570, Many Prec@1: 53.463, Med Prec@1: 37.073, Few Prec@1: 24.722
Epoch 64
Epoch: [64][0/49] 	Time 0.697 (0.697)	CE_Loss 1.8321 (1.8321)	SCL_Loss 2.2220 (2.2220)	Prec@1 59.766 (59.766)
Epoch: [64][40/49] 	Time 0.120 (0.133)	CE_Loss 1.8882 (1.7814)	SCL_Loss 2.3893 (2.1758)	Prec@1 55.469 (56.650)
Best Prec@1: 41.570, Many Prec@1: 53.463, Med Prec@1: 37.073, Few Prec@1: 24.722
Epoch 65
Epoch: [65][0/49] 	Time 0.763 (0.763)	CE_Loss 1.7931 (1.7931)	SCL_Loss 2.1961 (2.1961)	Prec@1 60.156 (60.156)
Epoch: [65][40/49] 	Time 0.114 (0.138)	CE_Loss 1.7365 (1.8134)	SCL_Loss 2.1347 (2.1724)	Prec@1 57.422 (56.107)
Best Prec@1: 41.620, Many Prec@1: 52.878, Med Prec@1: 38.293, Few Prec@1: 23.556
Epoch 66
Epoch: [66][0/49] 	Time 0.724 (0.724)	CE_Loss 1.7149 (1.7149)	SCL_Loss 2.0586 (2.0586)	Prec@1 57.812 (57.812)
Epoch: [66][40/49] 	Time 0.115 (0.138)	CE_Loss 2.0741 (1.7669)	SCL_Loss 2.3522 (2.1882)	Prec@1 51.953 (56.707)
Best Prec@1: 41.620, Many Prec@1: 52.878, Med Prec@1: 38.293, Few Prec@1: 23.556
Epoch 67
Epoch: [67][0/49] 	Time 0.790 (0.790)	CE_Loss 1.6606 (1.6606)	SCL_Loss 2.0733 (2.0733)	Prec@1 62.109 (62.109)
Epoch: [67][40/49] 	Time 0.117 (0.138)	CE_Loss 1.9503 (1.7930)	SCL_Loss 2.3022 (2.1852)	Prec@1 53.516 (57.107)
Best Prec@1: 41.620, Many Prec@1: 52.878, Med Prec@1: 38.293, Few Prec@1: 23.556
Epoch 68
Epoch: [68][0/49] 	Time 0.749 (0.749)	CE_Loss 1.8254 (1.8254)	SCL_Loss 2.2162 (2.2162)	Prec@1 55.078 (55.078)
Epoch: [68][40/49] 	Time 0.115 (0.133)	CE_Loss 1.6878 (1.7577)	SCL_Loss 2.2472 (2.1642)	Prec@1 57.812 (57.269)
Best Prec@1: 41.620, Many Prec@1: 52.878, Med Prec@1: 38.293, Few Prec@1: 23.556
Epoch 69
Epoch: [69][0/49] 	Time 0.707 (0.707)	CE_Loss 1.6003 (1.6003)	SCL_Loss 2.2679 (2.2679)	Prec@1 61.719 (61.719)
Epoch: [69][40/49] 	Time 0.113 (0.131)	CE_Loss 1.7506 (1.7710)	SCL_Loss 2.2218 (2.1482)	Prec@1 57.812 (57.736)
Best Prec@1: 41.960, Many Prec@1: 51.951, Med Prec@1: 40.561, Few Prec@1: 22.389
Epoch 70
Epoch: [70][0/49] 	Time 0.756 (0.756)	CE_Loss 1.7790 (1.7790)	SCL_Loss 2.0890 (2.0890)	Prec@1 60.938 (60.938)
Epoch: [70][40/49] 	Time 0.114 (0.133)	CE_Loss 1.6965 (1.7507)	SCL_Loss 2.0532 (2.1755)	Prec@1 54.688 (57.698)
Best Prec@1: 41.960, Many Prec@1: 51.951, Med Prec@1: 40.561, Few Prec@1: 22.389
Epoch 71
Epoch: [71][0/49] 	Time 0.773 (0.773)	CE_Loss 1.8082 (1.8082)	SCL_Loss 2.1189 (2.1189)	Prec@1 54.688 (54.688)
Epoch: [71][40/49] 	Time 0.127 (0.138)	CE_Loss 1.5456 (1.7167)	SCL_Loss 2.1189 (2.1334)	Prec@1 63.281 (58.746)
Best Prec@1: 41.960, Many Prec@1: 51.951, Med Prec@1: 40.561, Few Prec@1: 22.389
Epoch 72
Epoch: [72][0/49] 	Time 0.748 (0.748)	CE_Loss 1.4271 (1.4271)	SCL_Loss 1.9183 (1.9183)	Prec@1 64.453 (64.453)
Epoch: [72][40/49] 	Time 0.118 (0.133)	CE_Loss 1.6301 (1.7297)	SCL_Loss 2.1586 (2.1474)	Prec@1 57.422 (58.203)
Best Prec@1: 41.960, Many Prec@1: 51.951, Med Prec@1: 40.561, Few Prec@1: 22.389
Epoch 73
Epoch: [73][0/49] 	Time 0.758 (0.758)	CE_Loss 1.5594 (1.5594)	SCL_Loss 2.0280 (2.0280)	Prec@1 66.797 (66.797)
Epoch: [73][40/49] 	Time 0.122 (0.136)	CE_Loss 1.7983 (1.7267)	SCL_Loss 2.1803 (2.1501)	Prec@1 57.812 (57.812)
Best Prec@1: 41.960, Many Prec@1: 51.951, Med Prec@1: 40.561, Few Prec@1: 22.389
Epoch 74
Epoch: [74][0/49] 	Time 0.740 (0.740)	CE_Loss 1.8127 (1.8127)	SCL_Loss 2.1727 (2.1727)	Prec@1 57.031 (57.031)
Epoch: [74][40/49] 	Time 0.117 (0.132)	CE_Loss 1.5723 (1.7382)	SCL_Loss 2.1247 (2.1242)	Prec@1 56.250 (58.546)
Best Prec@1: 41.960, Many Prec@1: 51.951, Med Prec@1: 40.561, Few Prec@1: 22.389
Epoch 75
Epoch: [75][0/49] 	Time 0.849 (0.849)	CE_Loss 1.5488 (1.5488)	SCL_Loss 2.1600 (2.1600)	Prec@1 63.672 (63.672)
Epoch: [75][40/49] 	Time 0.118 (0.139)	CE_Loss 1.5638 (1.7362)	SCL_Loss 2.0467 (2.1319)	Prec@1 61.719 (58.899)
Best Prec@1: 41.960, Many Prec@1: 51.951, Med Prec@1: 40.561, Few Prec@1: 22.389
Epoch 76
Epoch: [76][0/49] 	Time 0.730 (0.730)	CE_Loss 1.6921 (1.6921)	SCL_Loss 2.1134 (2.1134)	Prec@1 57.031 (57.031)
Epoch: [76][40/49] 	Time 0.117 (0.133)	CE_Loss 1.6731 (1.7202)	SCL_Loss 2.1374 (2.1416)	Prec@1 54.297 (57.717)
Best Prec@1: 42.010, Many Prec@1: 52.610, Med Prec@1: 37.463, Few Prec@1: 28.222
Epoch 77
Epoch: [77][0/49] 	Time 0.763 (0.763)	CE_Loss 1.5817 (1.5817)	SCL_Loss 2.0974 (2.0974)	Prec@1 61.328 (61.328)
Epoch: [77][40/49] 	Time 0.115 (0.134)	CE_Loss 1.8492 (1.7042)	SCL_Loss 2.1927 (2.1096)	Prec@1 55.078 (58.937)
Best Prec@1: 42.010, Many Prec@1: 52.610, Med Prec@1: 37.463, Few Prec@1: 28.222
Epoch 78
Epoch: [78][0/49] 	Time 0.760 (0.760)	CE_Loss 1.5359 (1.5359)	SCL_Loss 2.1252 (2.1252)	Prec@1 64.844 (64.844)
Epoch: [78][40/49] 	Time 0.119 (0.133)	CE_Loss 1.7635 (1.7186)	SCL_Loss 2.1379 (2.1264)	Prec@1 54.297 (58.765)
Best Prec@1: 42.010, Many Prec@1: 52.610, Med Prec@1: 37.463, Few Prec@1: 28.222
Epoch 79
Epoch: [79][0/49] 	Time 0.801 (0.801)	CE_Loss 1.7432 (1.7432)	SCL_Loss 2.3067 (2.3067)	Prec@1 59.766 (59.766)
Epoch: [79][40/49] 	Time 0.118 (0.135)	CE_Loss 1.8124 (1.7026)	SCL_Loss 2.1031 (2.1222)	Prec@1 56.641 (59.003)
Best Prec@1: 42.010, Many Prec@1: 52.610, Med Prec@1: 37.463, Few Prec@1: 28.222
Epoch 80
Epoch: [80][0/49] 	Time 0.896 (0.896)	CE_Loss 1.7965 (1.7965)	SCL_Loss 2.0814 (2.0814)	Prec@1 57.812 (57.812)
Epoch: [80][40/49] 	Time 0.119 (0.142)	CE_Loss 1.8109 (1.7323)	SCL_Loss 2.1488 (2.1371)	Prec@1 58.203 (58.651)
Best Prec@1: 42.010, Many Prec@1: 52.610, Med Prec@1: 37.463, Few Prec@1: 28.222
Epoch 81
Epoch: [81][0/49] 	Time 0.821 (0.821)	CE_Loss 1.6720 (1.6720)	SCL_Loss 2.0076 (2.0076)	Prec@1 62.500 (62.500)
Epoch: [81][40/49] 	Time 0.117 (0.134)	CE_Loss 1.6335 (1.7206)	SCL_Loss 2.1372 (2.1485)	Prec@1 56.250 (58.394)
Best Prec@1: 42.010, Many Prec@1: 52.610, Med Prec@1: 37.463, Few Prec@1: 28.222
Epoch 82
Epoch: [82][0/49] 	Time 0.790 (0.790)	CE_Loss 1.7010 (1.7010)	SCL_Loss 2.0242 (2.0242)	Prec@1 57.031 (57.031)
Epoch: [82][40/49] 	Time 0.118 (0.134)	CE_Loss 1.8457 (1.7095)	SCL_Loss 2.0978 (2.1172)	Prec@1 57.812 (58.518)
Best Prec@1: 42.010, Many Prec@1: 52.610, Med Prec@1: 37.463, Few Prec@1: 28.222
Epoch 83
Epoch: [83][0/49] 	Time 0.757 (0.757)	CE_Loss 1.5944 (1.5944)	SCL_Loss 2.1438 (2.1438)	Prec@1 60.156 (60.156)
Epoch: [83][40/49] 	Time 0.113 (0.133)	CE_Loss 1.8999 (1.7069)	SCL_Loss 2.1923 (2.1113)	Prec@1 57.812 (58.184)
Best Prec@1: 42.010, Many Prec@1: 52.610, Med Prec@1: 37.463, Few Prec@1: 28.222
Epoch 84
Epoch: [84][0/49] 	Time 0.728 (0.728)	CE_Loss 1.6695 (1.6695)	SCL_Loss 2.1557 (2.1557)	Prec@1 60.156 (60.156)
Epoch: [84][40/49] 	Time 0.119 (0.132)	CE_Loss 1.4118 (1.6712)	SCL_Loss 1.9106 (2.1142)	Prec@1 66.406 (60.585)
Best Prec@1: 42.010, Many Prec@1: 52.610, Med Prec@1: 37.463, Few Prec@1: 28.222
Epoch 85
Epoch: [85][0/49] 	Time 0.767 (0.767)	CE_Loss 1.7671 (1.7671)	SCL_Loss 2.1419 (2.1419)	Prec@1 59.766 (59.766)
Epoch: [85][40/49] 	Time 0.116 (0.142)	CE_Loss 1.7354 (1.6894)	SCL_Loss 2.1719 (2.0825)	Prec@1 54.297 (59.022)
Best Prec@1: 42.010, Many Prec@1: 52.610, Med Prec@1: 37.463, Few Prec@1: 28.222
Epoch 86
Epoch: [86][0/49] 	Time 0.694 (0.694)	CE_Loss 1.5928 (1.5928)	SCL_Loss 2.1739 (2.1739)	Prec@1 57.031 (57.031)
Epoch: [86][40/49] 	Time 0.118 (0.131)	CE_Loss 1.5782 (1.6637)	SCL_Loss 2.0797 (2.0953)	Prec@1 64.453 (60.013)
Best Prec@1: 43.390, Many Prec@1: 53.195, Med Prec@1: 38.902, Few Prec@1: 31.278
Epoch 87
Epoch: [87][0/49] 	Time 0.740 (0.740)	CE_Loss 1.6340 (1.6340)	SCL_Loss 1.9314 (1.9314)	Prec@1 64.062 (64.062)
Epoch: [87][40/49] 	Time 0.114 (0.133)	CE_Loss 1.5192 (1.6797)	SCL_Loss 2.0439 (2.0954)	Prec@1 61.328 (60.128)
Best Prec@1: 43.390, Many Prec@1: 53.195, Med Prec@1: 38.902, Few Prec@1: 31.278
Epoch 88
Epoch: [88][0/49] 	Time 0.733 (0.733)	CE_Loss 1.8372 (1.8372)	SCL_Loss 2.1352 (2.1352)	Prec@1 60.156 (60.156)
Epoch: [88][40/49] 	Time 0.113 (0.132)	CE_Loss 1.4871 (1.6727)	SCL_Loss 1.9290 (2.1123)	Prec@1 63.672 (60.347)
Best Prec@1: 43.390, Many Prec@1: 53.195, Med Prec@1: 38.902, Few Prec@1: 31.278
Epoch 89
Epoch: [89][0/49] 	Time 0.745 (0.745)	CE_Loss 1.5498 (1.5498)	SCL_Loss 2.0580 (2.0580)	Prec@1 62.500 (62.500)
Epoch: [89][40/49] 	Time 0.118 (0.133)	CE_Loss 1.6764 (1.6805)	SCL_Loss 2.1271 (2.0903)	Prec@1 57.812 (60.299)
Best Prec@1: 43.390, Many Prec@1: 53.195, Med Prec@1: 38.902, Few Prec@1: 31.278
Epoch 90
Epoch: [90][0/49] 	Time 0.798 (0.798)	CE_Loss 1.6364 (1.6364)	SCL_Loss 2.1047 (2.1047)	Prec@1 60.156 (60.156)
Epoch: [90][40/49] 	Time 0.111 (0.133)	CE_Loss 1.6969 (1.6803)	SCL_Loss 2.2600 (2.0905)	Prec@1 55.078 (59.994)
Best Prec@1: 43.390, Many Prec@1: 53.195, Med Prec@1: 38.902, Few Prec@1: 31.278
Epoch 91
Epoch: [91][0/49] 	Time 0.786 (0.786)	CE_Loss 1.5653 (1.5653)	SCL_Loss 2.1793 (2.1793)	Prec@1 61.328 (61.328)
Epoch: [91][40/49] 	Time 0.116 (0.133)	CE_Loss 1.8035 (1.6964)	SCL_Loss 2.2478 (2.0885)	Prec@1 61.328 (60.061)
Best Prec@1: 43.390, Many Prec@1: 53.195, Med Prec@1: 38.902, Few Prec@1: 31.278
Epoch 92
Epoch: [92][0/49] 	Time 0.742 (0.742)	CE_Loss 1.4915 (1.4915)	SCL_Loss 2.0862 (2.0862)	Prec@1 64.453 (64.453)
Epoch: [92][40/49] 	Time 0.114 (0.132)	CE_Loss 1.6786 (1.6601)	SCL_Loss 2.0416 (2.0634)	Prec@1 63.281 (60.575)
Best Prec@1: 43.390, Many Prec@1: 53.195, Med Prec@1: 38.902, Few Prec@1: 31.278
Epoch 93
Epoch: [93][0/49] 	Time 0.732 (0.732)	CE_Loss 1.6627 (1.6627)	SCL_Loss 1.9826 (1.9826)	Prec@1 64.062 (64.062)
Epoch: [93][40/49] 	Time 0.114 (0.132)	CE_Loss 1.7106 (1.6775)	SCL_Loss 2.0757 (2.0649)	Prec@1 57.422 (60.290)
Best Prec@1: 43.390, Many Prec@1: 53.195, Med Prec@1: 38.902, Few Prec@1: 31.278
Epoch 94
Epoch: [94][0/49] 	Time 0.709 (0.709)	CE_Loss 1.9126 (1.9126)	SCL_Loss 2.3857 (2.3857)	Prec@1 57.422 (57.422)
Epoch: [94][40/49] 	Time 0.150 (0.133)	CE_Loss 1.8568 (1.6424)	SCL_Loss 2.2696 (2.0737)	Prec@1 59.375 (61.195)
Best Prec@1: 43.390, Many Prec@1: 53.195, Med Prec@1: 38.902, Few Prec@1: 31.278
Epoch 95
Epoch: [95][0/49] 	Time 0.744 (0.744)	CE_Loss 1.7111 (1.7111)	SCL_Loss 2.1379 (2.1379)	Prec@1 60.156 (60.156)
Epoch: [95][40/49] 	Time 0.115 (0.133)	CE_Loss 1.5632 (1.6717)	SCL_Loss 1.9940 (2.0829)	Prec@1 59.766 (59.651)
Best Prec@1: 43.390, Many Prec@1: 53.195, Med Prec@1: 38.902, Few Prec@1: 31.278
Epoch 96
Epoch: [96][0/49] 	Time 0.726 (0.726)	CE_Loss 1.6161 (1.6161)	SCL_Loss 2.0597 (2.0597)	Prec@1 60.938 (60.938)
Epoch: [96][40/49] 	Time 0.117 (0.134)	CE_Loss 1.6552 (1.6784)	SCL_Loss 2.1408 (2.0696)	Prec@1 56.641 (60.023)
Best Prec@1: 43.390, Many Prec@1: 53.195, Med Prec@1: 38.902, Few Prec@1: 31.278
Epoch 97
Epoch: [97][0/49] 	Time 0.763 (0.763)	CE_Loss 1.5612 (1.5612)	SCL_Loss 2.0738 (2.0738)	Prec@1 64.844 (64.844)
Epoch: [97][40/49] 	Time 0.120 (0.139)	CE_Loss 1.4761 (1.6357)	SCL_Loss 2.0408 (2.0714)	Prec@1 63.672 (62.109)
Best Prec@1: 43.390, Many Prec@1: 53.195, Med Prec@1: 38.902, Few Prec@1: 31.278
Epoch 98
Epoch: [98][0/49] 	Time 0.772 (0.772)	CE_Loss 1.8323 (1.8323)	SCL_Loss 2.1572 (2.1572)	Prec@1 57.031 (57.031)
Epoch: [98][40/49] 	Time 0.116 (0.133)	CE_Loss 1.5695 (1.6456)	SCL_Loss 2.0663 (2.0680)	Prec@1 61.719 (61.433)
Best Prec@1: 43.390, Many Prec@1: 53.195, Med Prec@1: 38.902, Few Prec@1: 31.278
Epoch 99
Epoch: [99][0/49] 	Time 0.760 (0.760)	CE_Loss 1.5645 (1.5645)	SCL_Loss 2.0869 (2.0869)	Prec@1 62.891 (62.891)
Epoch: [99][40/49] 	Time 0.116 (0.136)	CE_Loss 1.7393 (1.6412)	SCL_Loss 2.1088 (2.0487)	Prec@1 62.109 (61.119)
Best Prec@1: 43.390, Many Prec@1: 53.195, Med Prec@1: 38.902, Few Prec@1: 31.278
Epoch 100
Epoch: [100][0/49] 	Time 0.780 (0.780)	CE_Loss 1.8396 (1.8396)	SCL_Loss 2.2217 (2.2217)	Prec@1 54.297 (54.297)
Epoch: [100][40/49] 	Time 0.115 (0.135)	CE_Loss 1.6556 (1.6364)	SCL_Loss 2.2026 (2.0672)	Prec@1 59.766 (60.776)
Best Prec@1: 43.390, Many Prec@1: 53.195, Med Prec@1: 38.902, Few Prec@1: 31.278
Epoch 101
Epoch: [101][0/49] 	Time 0.768 (0.768)	CE_Loss 1.8122 (1.8122)	SCL_Loss 2.1053 (2.1053)	Prec@1 62.500 (62.500)
Epoch: [101][40/49] 	Time 0.127 (0.144)	CE_Loss 1.7028 (1.6286)	SCL_Loss 1.9722 (2.0493)	Prec@1 57.422 (61.261)
Best Prec@1: 43.390, Many Prec@1: 53.195, Med Prec@1: 38.902, Few Prec@1: 31.278
Epoch 102
Epoch: [102][0/49] 	Time 0.760 (0.760)	CE_Loss 1.7406 (1.7406)	SCL_Loss 2.0252 (2.0252)	Prec@1 65.625 (65.625)
Epoch: [102][40/49] 	Time 0.114 (0.133)	CE_Loss 1.8481 (1.6447)	SCL_Loss 2.1005 (2.0585)	Prec@1 53.516 (61.300)
Best Prec@1: 43.390, Many Prec@1: 53.195, Med Prec@1: 38.902, Few Prec@1: 31.278
Epoch 103
Epoch: [103][0/49] 	Time 0.788 (0.788)	CE_Loss 1.5137 (1.5137)	SCL_Loss 1.9544 (1.9544)	Prec@1 58.594 (58.594)
Epoch: [103][40/49] 	Time 0.117 (0.135)	CE_Loss 1.4699 (1.6181)	SCL_Loss 1.8839 (2.0521)	Prec@1 65.625 (61.204)
Best Prec@1: 43.390, Many Prec@1: 53.195, Med Prec@1: 38.902, Few Prec@1: 31.278
Epoch 104
Epoch: [104][0/49] 	Time 0.810 (0.810)	CE_Loss 1.6675 (1.6675)	SCL_Loss 1.9205 (1.9205)	Prec@1 63.281 (63.281)
Epoch: [104][40/49] 	Time 0.115 (0.134)	CE_Loss 1.6926 (1.6605)	SCL_Loss 2.1140 (2.0288)	Prec@1 58.984 (60.976)
Best Prec@1: 43.390, Many Prec@1: 53.195, Med Prec@1: 38.902, Few Prec@1: 31.278
Epoch 105
Epoch: [105][0/49] 	Time 0.775 (0.775)	CE_Loss 1.6473 (1.6473)	SCL_Loss 2.1077 (2.1077)	Prec@1 61.328 (61.328)
Epoch: [105][40/49] 	Time 0.118 (0.138)	CE_Loss 1.8186 (1.6589)	SCL_Loss 2.1407 (2.0548)	Prec@1 60.156 (61.376)
Best Prec@1: 43.390, Many Prec@1: 53.195, Med Prec@1: 38.902, Few Prec@1: 31.278
Epoch 106
Epoch: [106][0/49] 	Time 0.761 (0.761)	CE_Loss 1.5988 (1.5988)	SCL_Loss 2.0462 (2.0462)	Prec@1 65.234 (65.234)
Epoch: [106][40/49] 	Time 0.114 (0.133)	CE_Loss 1.6955 (1.6256)	SCL_Loss 2.2285 (2.0611)	Prec@1 61.328 (61.042)
Best Prec@1: 43.390, Many Prec@1: 53.195, Med Prec@1: 38.902, Few Prec@1: 31.278
Epoch 107
Epoch: [107][0/49] 	Time 0.792 (0.792)	CE_Loss 1.4757 (1.4757)	SCL_Loss 1.9819 (1.9819)	Prec@1 63.281 (63.281)
Epoch: [107][40/49] 	Time 0.115 (0.135)	CE_Loss 1.7025 (1.6360)	SCL_Loss 1.9847 (2.0535)	Prec@1 60.938 (60.833)
Best Prec@1: 43.390, Many Prec@1: 53.195, Med Prec@1: 38.902, Few Prec@1: 31.278
Epoch 108
Epoch: [108][0/49] 	Time 0.725 (0.725)	CE_Loss 1.7117 (1.7117)	SCL_Loss 2.1631 (2.1631)	Prec@1 61.719 (61.719)
Epoch: [108][40/49] 	Time 0.119 (0.132)	CE_Loss 1.6082 (1.6218)	SCL_Loss 2.1642 (2.0692)	Prec@1 59.766 (61.500)
Best Prec@1: 43.390, Many Prec@1: 53.195, Med Prec@1: 38.902, Few Prec@1: 31.278
Epoch 109
Epoch: [109][0/49] 	Time 0.724 (0.724)	CE_Loss 1.6352 (1.6352)	SCL_Loss 1.9546 (1.9546)	Prec@1 62.500 (62.500)
Epoch: [109][40/49] 	Time 0.115 (0.132)	CE_Loss 1.6521 (1.6151)	SCL_Loss 1.9845 (2.0455)	Prec@1 63.281 (61.947)
Best Prec@1: 43.390, Many Prec@1: 53.195, Med Prec@1: 38.902, Few Prec@1: 31.278
Epoch 110
Epoch: [110][0/49] 	Time 0.749 (0.749)	CE_Loss 1.7186 (1.7186)	SCL_Loss 2.1124 (2.1124)	Prec@1 63.672 (63.672)
Epoch: [110][40/49] 	Time 0.116 (0.133)	CE_Loss 1.5993 (1.6155)	SCL_Loss 2.1211 (2.0455)	Prec@1 61.719 (62.090)
Best Prec@1: 43.900, Many Prec@1: 55.732, Med Prec@1: 39.659, Few Prec@1: 26.611
Epoch 111
Epoch: [111][0/49] 	Time 0.731 (0.731)	CE_Loss 1.4251 (1.4251)	SCL_Loss 1.9607 (1.9607)	Prec@1 66.406 (66.406)
Epoch: [111][40/49] 	Time 0.117 (0.132)	CE_Loss 1.6485 (1.6141)	SCL_Loss 2.0420 (2.0533)	Prec@1 58.594 (62.271)
Best Prec@1: 43.900, Many Prec@1: 55.732, Med Prec@1: 39.659, Few Prec@1: 26.611
Epoch 112
Epoch: [112][0/49] 	Time 0.745 (0.745)	CE_Loss 1.6750 (1.6750)	SCL_Loss 2.0635 (2.0635)	Prec@1 60.938 (60.938)
Epoch: [112][40/49] 	Time 0.126 (0.142)	CE_Loss 1.5503 (1.6262)	SCL_Loss 1.8504 (2.0357)	Prec@1 66.406 (61.700)
Best Prec@1: 43.900, Many Prec@1: 55.732, Med Prec@1: 39.659, Few Prec@1: 26.611
Epoch 113
Epoch: [113][0/49] 	Time 0.731 (0.731)	CE_Loss 1.5855 (1.5855)	SCL_Loss 2.0116 (2.0116)	Prec@1 60.156 (60.156)
Epoch: [113][40/49] 	Time 0.116 (0.132)	CE_Loss 1.5546 (1.5664)	SCL_Loss 1.9858 (2.0363)	Prec@1 64.844 (62.119)
Best Prec@1: 43.900, Many Prec@1: 55.732, Med Prec@1: 39.659, Few Prec@1: 26.611
Epoch 114
Epoch: [114][0/49] 	Time 0.748 (0.748)	CE_Loss 1.5106 (1.5106)	SCL_Loss 1.8593 (1.8593)	Prec@1 69.141 (69.141)
Epoch: [114][40/49] 	Time 0.119 (0.139)	CE_Loss 1.7085 (1.6240)	SCL_Loss 2.0896 (2.0515)	Prec@1 58.984 (61.671)
Best Prec@1: 43.900, Many Prec@1: 55.732, Med Prec@1: 39.659, Few Prec@1: 26.611
Epoch 115
Epoch: [115][0/49] 	Time 0.819 (0.819)	CE_Loss 1.7216 (1.7216)	SCL_Loss 1.9319 (1.9319)	Prec@1 65.625 (65.625)
Epoch: [115][40/49] 	Time 0.119 (0.134)	CE_Loss 1.5346 (1.5859)	SCL_Loss 2.1684 (2.0279)	Prec@1 64.453 (62.624)
Best Prec@1: 43.900, Many Prec@1: 55.732, Med Prec@1: 39.659, Few Prec@1: 26.611
Epoch 116
Epoch: [116][0/49] 	Time 0.844 (0.844)	CE_Loss 1.4286 (1.4286)	SCL_Loss 2.0099 (2.0099)	Prec@1 63.281 (63.281)
Epoch: [116][40/49] 	Time 0.119 (0.138)	CE_Loss 1.4535 (1.6140)	SCL_Loss 1.9410 (2.0418)	Prec@1 64.453 (61.576)
Best Prec@1: 43.900, Many Prec@1: 55.732, Med Prec@1: 39.659, Few Prec@1: 26.611
Epoch 117
Epoch: [117][0/49] 	Time 0.793 (0.793)	CE_Loss 1.5670 (1.5670)	SCL_Loss 1.9468 (1.9468)	Prec@1 59.766 (59.766)
Epoch: [117][40/49] 	Time 0.114 (0.135)	CE_Loss 1.7859 (1.6209)	SCL_Loss 2.0014 (2.0286)	Prec@1 53.906 (61.147)
Best Prec@1: 43.900, Many Prec@1: 55.732, Med Prec@1: 39.659, Few Prec@1: 26.611
Epoch 118
Epoch: [118][0/49] 	Time 0.789 (0.789)	CE_Loss 1.4198 (1.4198)	SCL_Loss 1.9647 (1.9647)	Prec@1 67.578 (67.578)
Epoch: [118][40/49] 	Time 0.118 (0.139)	CE_Loss 1.6188 (1.6116)	SCL_Loss 1.9235 (2.0245)	Prec@1 62.891 (62.348)
Best Prec@1: 43.900, Many Prec@1: 55.732, Med Prec@1: 39.659, Few Prec@1: 26.611
Epoch 119
Epoch: [119][0/49] 	Time 0.720 (0.720)	CE_Loss 1.4866 (1.4866)	SCL_Loss 1.9381 (1.9381)	Prec@1 64.453 (64.453)
Epoch: [119][40/49] 	Time 0.117 (0.133)	CE_Loss 1.5517 (1.6139)	SCL_Loss 2.0873 (2.0341)	Prec@1 64.844 (62.186)
Best Prec@1: 43.900, Many Prec@1: 55.732, Med Prec@1: 39.659, Few Prec@1: 26.611
Epoch 120
Epoch: [120][0/49] 	Time 0.748 (0.748)	CE_Loss 1.6184 (1.6184)	SCL_Loss 1.9621 (1.9621)	Prec@1 65.625 (65.625)
Epoch: [120][40/49] 	Time 0.113 (0.134)	CE_Loss 1.6791 (1.5894)	SCL_Loss 2.1840 (2.0410)	Prec@1 56.250 (61.700)
Best Prec@1: 43.900, Many Prec@1: 55.732, Med Prec@1: 39.659, Few Prec@1: 26.611
Epoch 121
Epoch: [121][0/49] 	Time 0.738 (0.738)	CE_Loss 1.6177 (1.6177)	SCL_Loss 2.0553 (2.0553)	Prec@1 59.375 (59.375)
Epoch: [121][40/49] 	Time 0.114 (0.137)	CE_Loss 1.6216 (1.5830)	SCL_Loss 2.0411 (2.0153)	Prec@1 67.969 (62.252)
Best Prec@1: 43.900, Many Prec@1: 55.732, Med Prec@1: 39.659, Few Prec@1: 26.611
Epoch 122
Epoch: [122][0/49] 	Time 0.717 (0.717)	CE_Loss 1.4233 (1.4233)	SCL_Loss 1.8972 (1.8972)	Prec@1 69.531 (69.531)
Epoch: [122][40/49] 	Time 0.118 (0.133)	CE_Loss 1.5255 (1.5705)	SCL_Loss 1.9830 (2.0022)	Prec@1 63.281 (63.739)
Best Prec@1: 43.900, Many Prec@1: 55.732, Med Prec@1: 39.659, Few Prec@1: 26.611
Epoch 123
Epoch: [123][0/49] 	Time 0.758 (0.758)	CE_Loss 1.5889 (1.5889)	SCL_Loss 2.0480 (2.0480)	Prec@1 60.547 (60.547)
Epoch: [123][40/49] 	Time 0.119 (0.135)	CE_Loss 1.8033 (1.6183)	SCL_Loss 2.1843 (2.0158)	Prec@1 55.469 (61.966)
Best Prec@1: 43.900, Many Prec@1: 55.732, Med Prec@1: 39.659, Few Prec@1: 26.611
Epoch 124
Epoch: [124][0/49] 	Time 0.741 (0.741)	CE_Loss 1.4166 (1.4166)	SCL_Loss 1.9303 (1.9303)	Prec@1 67.969 (67.969)
Epoch: [124][40/49] 	Time 0.117 (0.132)	CE_Loss 1.6148 (1.6156)	SCL_Loss 2.1494 (2.0255)	Prec@1 64.844 (62.405)
Best Prec@1: 45.190, Many Prec@1: 55.732, Med Prec@1: 42.195, Few Prec@1: 28.000
Epoch 125
Epoch: [125][0/49] 	Time 0.760 (0.760)	CE_Loss 1.5563 (1.5563)	SCL_Loss 1.9630 (1.9630)	Prec@1 60.938 (60.938)
Epoch: [125][40/49] 	Time 0.119 (0.132)	CE_Loss 1.4753 (1.5585)	SCL_Loss 1.9258 (2.0116)	Prec@1 62.891 (63.253)
Best Prec@1: 45.190, Many Prec@1: 55.732, Med Prec@1: 42.195, Few Prec@1: 28.000
Epoch 126
Epoch: [126][0/49] 	Time 0.705 (0.705)	CE_Loss 1.5913 (1.5913)	SCL_Loss 2.0303 (2.0303)	Prec@1 63.281 (63.281)
Epoch: [126][40/49] 	Time 0.115 (0.131)	CE_Loss 1.7044 (1.5647)	SCL_Loss 2.1388 (2.0038)	Prec@1 61.328 (63.119)
Best Prec@1: 45.190, Many Prec@1: 55.732, Med Prec@1: 42.195, Few Prec@1: 28.000
Epoch 127
Epoch: [127][0/49] 	Time 0.760 (0.760)	CE_Loss 1.7325 (1.7325)	SCL_Loss 2.1462 (2.1462)	Prec@1 62.109 (62.109)
Epoch: [127][40/49] 	Time 0.119 (0.133)	CE_Loss 1.8884 (1.5836)	SCL_Loss 2.2253 (2.0141)	Prec@1 60.938 (62.843)
Best Prec@1: 45.190, Many Prec@1: 55.732, Med Prec@1: 42.195, Few Prec@1: 28.000
Epoch 128
Epoch: [128][0/49] 	Time 0.779 (0.779)	CE_Loss 1.4973 (1.4973)	SCL_Loss 1.8196 (1.8196)	Prec@1 63.281 (63.281)
Epoch: [128][40/49] 	Time 0.118 (0.134)	CE_Loss 1.5999 (1.5887)	SCL_Loss 2.1381 (2.0030)	Prec@1 57.812 (62.967)
Best Prec@1: 45.190, Many Prec@1: 55.732, Med Prec@1: 42.195, Few Prec@1: 28.000
Epoch 129
Epoch: [129][0/49] 	Time 0.768 (0.768)	CE_Loss 1.4795 (1.4795)	SCL_Loss 1.9737 (1.9737)	Prec@1 65.625 (65.625)
Epoch: [129][40/49] 	Time 0.113 (0.134)	CE_Loss 1.6769 (1.5855)	SCL_Loss 2.0971 (2.0100)	Prec@1 65.625 (62.529)
Best Prec@1: 45.190, Many Prec@1: 55.732, Med Prec@1: 42.195, Few Prec@1: 28.000
Epoch 130
Epoch: [130][0/49] 	Time 0.696 (0.696)	CE_Loss 1.4448 (1.4448)	SCL_Loss 1.8442 (1.8442)	Prec@1 67.578 (67.578)
Epoch: [130][40/49] 	Time 0.116 (0.131)	CE_Loss 1.5562 (1.5916)	SCL_Loss 2.0030 (2.0004)	Prec@1 64.844 (63.081)
Best Prec@1: 45.190, Many Prec@1: 55.732, Med Prec@1: 42.195, Few Prec@1: 28.000
Epoch 131
Epoch: [131][0/49] 	Time 0.723 (0.723)	CE_Loss 1.3929 (1.3929)	SCL_Loss 1.7884 (1.7884)	Prec@1 68.750 (68.750)
Epoch: [131][40/49] 	Time 0.119 (0.131)	CE_Loss 1.6025 (1.5766)	SCL_Loss 1.9928 (2.0065)	Prec@1 62.891 (63.843)
Best Prec@1: 45.190, Many Prec@1: 55.732, Med Prec@1: 42.195, Few Prec@1: 28.000
Epoch 132
Epoch: [132][0/49] 	Time 0.708 (0.708)	CE_Loss 1.4278 (1.4278)	SCL_Loss 1.9709 (1.9709)	Prec@1 64.453 (64.453)
Epoch: [132][40/49] 	Time 0.114 (0.131)	CE_Loss 1.6857 (1.5654)	SCL_Loss 2.2483 (2.0152)	Prec@1 62.109 (63.253)
Best Prec@1: 45.190, Many Prec@1: 55.732, Med Prec@1: 42.195, Few Prec@1: 28.000
Epoch 133
Epoch: [133][0/49] 	Time 0.729 (0.729)	CE_Loss 1.5945 (1.5945)	SCL_Loss 2.0228 (2.0228)	Prec@1 62.891 (62.891)
Epoch: [133][40/49] 	Time 0.114 (0.135)	CE_Loss 1.7577 (1.5347)	SCL_Loss 1.9983 (1.9862)	Prec@1 57.031 (63.939)
Best Prec@1: 45.190, Many Prec@1: 55.732, Med Prec@1: 42.195, Few Prec@1: 28.000
Epoch 134
Epoch: [134][0/49] 	Time 0.731 (0.731)	CE_Loss 1.6596 (1.6596)	SCL_Loss 1.9700 (1.9700)	Prec@1 66.406 (66.406)
Epoch: [134][40/49] 	Time 0.118 (0.133)	CE_Loss 1.7565 (1.5921)	SCL_Loss 2.1317 (1.9924)	Prec@1 58.594 (62.557)
Best Prec@1: 45.190, Many Prec@1: 55.732, Med Prec@1: 42.195, Few Prec@1: 28.000
Epoch 135
Epoch: [135][0/49] 	Time 0.829 (0.829)	CE_Loss 1.5530 (1.5530)	SCL_Loss 1.9710 (1.9710)	Prec@1 62.500 (62.500)
Epoch: [135][40/49] 	Time 0.116 (0.142)	CE_Loss 1.4163 (1.5883)	SCL_Loss 1.9456 (2.0220)	Prec@1 66.016 (63.100)
Best Prec@1: 45.190, Many Prec@1: 55.732, Med Prec@1: 42.195, Few Prec@1: 28.000
Epoch 136
Epoch: [136][0/49] 	Time 0.737 (0.737)	CE_Loss 1.5704 (1.5704)	SCL_Loss 2.0646 (2.0646)	Prec@1 66.016 (66.016)
Epoch: [136][40/49] 	Time 0.119 (0.133)	CE_Loss 1.4135 (1.5470)	SCL_Loss 2.0369 (1.9903)	Prec@1 62.891 (63.834)
Best Prec@1: 45.190, Many Prec@1: 55.732, Med Prec@1: 42.195, Few Prec@1: 28.000
Epoch 137
Epoch: [137][0/49] 	Time 0.771 (0.771)	CE_Loss 1.5094 (1.5094)	SCL_Loss 1.9600 (1.9600)	Prec@1 62.109 (62.109)
Epoch: [137][40/49] 	Time 0.126 (0.136)	CE_Loss 1.6179 (1.5849)	SCL_Loss 1.9968 (1.9877)	Prec@1 61.328 (63.253)
Best Prec@1: 45.190, Many Prec@1: 55.732, Med Prec@1: 42.195, Few Prec@1: 28.000
Epoch 138
Epoch: [138][0/49] 	Time 0.788 (0.788)	CE_Loss 1.3885 (1.3885)	SCL_Loss 1.7965 (1.7965)	Prec@1 65.625 (65.625)
Epoch: [138][40/49] 	Time 0.118 (0.133)	CE_Loss 1.5943 (1.5677)	SCL_Loss 2.1211 (1.9925)	Prec@1 60.938 (63.672)
Best Prec@1: 45.190, Many Prec@1: 55.732, Med Prec@1: 42.195, Few Prec@1: 28.000
Epoch 139
Epoch: [139][0/49] 	Time 0.782 (0.782)	CE_Loss 1.4712 (1.4712)	SCL_Loss 1.8931 (1.8931)	Prec@1 66.797 (66.797)
Epoch: [139][40/49] 	Time 0.115 (0.134)	CE_Loss 1.7112 (1.5727)	SCL_Loss 2.0047 (2.0007)	Prec@1 58.594 (62.929)
Best Prec@1: 45.190, Many Prec@1: 55.732, Med Prec@1: 42.195, Few Prec@1: 28.000
Epoch 140
Epoch: [140][0/49] 	Time 0.791 (0.791)	CE_Loss 1.7398 (1.7398)	SCL_Loss 1.9457 (1.9457)	Prec@1 55.469 (55.469)
Epoch: [140][40/49] 	Time 0.113 (0.137)	CE_Loss 1.6373 (1.5612)	SCL_Loss 2.0973 (1.9936)	Prec@1 57.422 (62.576)
Best Prec@1: 45.190, Many Prec@1: 55.732, Med Prec@1: 42.195, Few Prec@1: 28.000
Epoch 141
Epoch: [141][0/49] 	Time 0.738 (0.738)	CE_Loss 1.5751 (1.5751)	SCL_Loss 1.9302 (1.9302)	Prec@1 64.844 (64.844)
Epoch: [141][40/49] 	Time 0.118 (0.133)	CE_Loss 1.4564 (1.5332)	SCL_Loss 2.0970 (1.9863)	Prec@1 65.625 (64.282)
Best Prec@1: 45.190, Many Prec@1: 55.732, Med Prec@1: 42.195, Few Prec@1: 28.000
Epoch 142
Epoch: [142][0/49] 	Time 0.754 (0.754)	CE_Loss 1.5181 (1.5181)	SCL_Loss 1.9033 (1.9033)	Prec@1 62.500 (62.500)
Epoch: [142][40/49] 	Time 0.116 (0.134)	CE_Loss 1.4388 (1.5698)	SCL_Loss 1.8945 (1.9897)	Prec@1 63.281 (63.167)
Best Prec@1: 45.190, Many Prec@1: 55.732, Med Prec@1: 42.195, Few Prec@1: 28.000
Epoch 143
Epoch: [143][0/49] 	Time 0.764 (0.764)	CE_Loss 1.6183 (1.6183)	SCL_Loss 2.0803 (2.0803)	Prec@1 63.672 (63.672)
Epoch: [143][40/49] 	Time 0.115 (0.133)	CE_Loss 1.5609 (1.5488)	SCL_Loss 2.1122 (1.9770)	Prec@1 58.984 (63.958)
Best Prec@1: 45.190, Many Prec@1: 55.732, Med Prec@1: 42.195, Few Prec@1: 28.000
Epoch 144
Epoch: [144][0/49] 	Time 0.714 (0.714)	CE_Loss 1.5399 (1.5399)	SCL_Loss 1.9872 (1.9872)	Prec@1 62.500 (62.500)
Epoch: [144][40/49] 	Time 0.153 (0.133)	CE_Loss 1.5440 (1.5567)	SCL_Loss 1.9945 (1.9811)	Prec@1 64.453 (63.377)
Best Prec@1: 45.190, Many Prec@1: 55.732, Med Prec@1: 42.195, Few Prec@1: 28.000
Epoch 145
Epoch: [145][0/49] 	Time 0.735 (0.735)	CE_Loss 1.4937 (1.4937)	SCL_Loss 2.0466 (2.0466)	Prec@1 65.234 (65.234)
Epoch: [145][40/49] 	Time 0.130 (0.139)	CE_Loss 1.5077 (1.5519)	SCL_Loss 2.0237 (1.9953)	Prec@1 66.406 (63.415)
Best Prec@1: 45.190, Many Prec@1: 55.732, Med Prec@1: 42.195, Few Prec@1: 28.000
Epoch 146
Epoch: [146][0/49] 	Time 0.734 (0.734)	CE_Loss 1.5173 (1.5173)	SCL_Loss 1.9601 (1.9601)	Prec@1 63.672 (63.672)
Epoch: [146][40/49] 	Time 0.131 (0.135)	CE_Loss 1.6327 (1.5668)	SCL_Loss 2.0704 (1.9880)	Prec@1 62.109 (63.558)
Best Prec@1: 45.190, Many Prec@1: 55.732, Med Prec@1: 42.195, Few Prec@1: 28.000
Epoch 147
Epoch: [147][0/49] 	Time 0.738 (0.738)	CE_Loss 1.4948 (1.4948)	SCL_Loss 1.6906 (1.6906)	Prec@1 66.016 (66.016)
Epoch: [147][40/49] 	Time 0.118 (0.132)	CE_Loss 1.5895 (1.5505)	SCL_Loss 1.9017 (1.9611)	Prec@1 61.719 (64.320)
Best Prec@1: 45.190, Many Prec@1: 55.732, Med Prec@1: 42.195, Few Prec@1: 28.000
Epoch 148
Epoch: [148][0/49] 	Time 0.742 (0.742)	CE_Loss 1.5842 (1.5842)	SCL_Loss 2.0773 (2.0773)	Prec@1 63.672 (63.672)
Epoch: [148][40/49] 	Time 0.116 (0.132)	CE_Loss 1.5090 (1.5796)	SCL_Loss 2.0885 (1.9992)	Prec@1 62.891 (63.958)
Best Prec@1: 45.190, Many Prec@1: 55.732, Med Prec@1: 42.195, Few Prec@1: 28.000
Epoch 149
Epoch: [149][0/49] 	Time 0.742 (0.742)	CE_Loss 1.6221 (1.6221)	SCL_Loss 1.9087 (1.9087)	Prec@1 65.234 (65.234)
Epoch: [149][40/49] 	Time 0.118 (0.132)	CE_Loss 1.5689 (1.5343)	SCL_Loss 1.8192 (1.9769)	Prec@1 62.891 (64.463)
Best Prec@1: 45.190, Many Prec@1: 55.732, Med Prec@1: 42.195, Few Prec@1: 28.000
Epoch 150
Epoch: [150][0/49] 	Time 0.832 (0.832)	CE_Loss 1.4775 (1.4775)	SCL_Loss 1.9524 (1.9524)	Prec@1 66.016 (66.016)
Epoch: [150][40/49] 	Time 0.117 (0.141)	CE_Loss 1.4964 (1.5725)	SCL_Loss 1.9405 (1.9952)	Prec@1 64.844 (63.453)
Best Prec@1: 45.190, Many Prec@1: 55.732, Med Prec@1: 42.195, Few Prec@1: 28.000
Epoch 151
Epoch: [151][0/49] 	Time 0.756 (0.756)	CE_Loss 1.5970 (1.5970)	SCL_Loss 1.9356 (1.9356)	Prec@1 67.578 (67.578)
Epoch: [151][40/49] 	Time 0.114 (0.133)	CE_Loss 1.6497 (1.5501)	SCL_Loss 2.0832 (1.9785)	Prec@1 58.594 (63.634)
Best Prec@1: 45.190, Many Prec@1: 55.732, Med Prec@1: 42.195, Few Prec@1: 28.000
Epoch 152
Epoch: [152][0/49] 	Time 0.773 (0.773)	CE_Loss 1.4429 (1.4429)	SCL_Loss 2.0197 (2.0197)	Prec@1 62.109 (62.109)
Epoch: [152][40/49] 	Time 0.120 (0.133)	CE_Loss 1.5764 (1.5711)	SCL_Loss 1.8553 (1.9843)	Prec@1 64.062 (63.510)
Best Prec@1: 45.190, Many Prec@1: 55.732, Med Prec@1: 42.195, Few Prec@1: 28.000
Epoch 153
Epoch: [153][0/49] 	Time 0.743 (0.743)	CE_Loss 1.4962 (1.4962)	SCL_Loss 1.8824 (1.8824)	Prec@1 66.406 (66.406)
Epoch: [153][40/49] 	Time 0.115 (0.134)	CE_Loss 1.6064 (1.5524)	SCL_Loss 2.1484 (1.9751)	Prec@1 60.938 (64.634)
Best Prec@1: 45.190, Many Prec@1: 55.732, Med Prec@1: 42.195, Few Prec@1: 28.000
Epoch 154
Epoch: [154][0/49] 	Time 0.741 (0.741)	CE_Loss 1.4220 (1.4220)	SCL_Loss 1.8179 (1.8179)	Prec@1 69.141 (69.141)
Epoch: [154][40/49] 	Time 0.114 (0.139)	CE_Loss 1.6149 (1.5549)	SCL_Loss 2.1447 (1.9768)	Prec@1 64.844 (64.358)
Best Prec@1: 45.190, Many Prec@1: 55.732, Med Prec@1: 42.195, Few Prec@1: 28.000
Epoch 155
Epoch: [155][0/49] 	Time 0.751 (0.751)	CE_Loss 1.5519 (1.5519)	SCL_Loss 1.7022 (1.7022)	Prec@1 65.234 (65.234)
Epoch: [155][40/49] 	Time 0.117 (0.133)	CE_Loss 1.7604 (1.5499)	SCL_Loss 2.1012 (1.9540)	Prec@1 60.547 (63.243)
Best Prec@1: 45.190, Many Prec@1: 55.732, Med Prec@1: 42.195, Few Prec@1: 28.000
Epoch 156
Epoch: [156][0/49] 	Time 0.734 (0.734)	CE_Loss 1.8621 (1.8621)	SCL_Loss 1.9435 (1.9435)	Prec@1 60.156 (60.156)
Epoch: [156][40/49] 	Time 0.120 (0.132)	CE_Loss 1.5598 (1.5462)	SCL_Loss 1.9601 (1.9687)	Prec@1 67.578 (64.806)
Best Prec@1: 45.190, Many Prec@1: 55.732, Med Prec@1: 42.195, Few Prec@1: 28.000
Epoch 157
Epoch: [157][0/49] 	Time 0.739 (0.739)	CE_Loss 1.4148 (1.4148)	SCL_Loss 1.8085 (1.8085)	Prec@1 70.312 (70.312)
Epoch: [157][40/49] 	Time 0.123 (0.132)	CE_Loss 1.7783 (1.5599)	SCL_Loss 2.1680 (1.9563)	Prec@1 58.984 (64.386)
Best Prec@1: 45.190, Many Prec@1: 55.732, Med Prec@1: 42.195, Few Prec@1: 28.000
Epoch 158
Epoch: [158][0/49] 	Time 0.727 (0.727)	CE_Loss 1.5995 (1.5995)	SCL_Loss 1.8725 (1.8725)	Prec@1 67.188 (67.188)
Epoch: [158][40/49] 	Time 0.119 (0.134)	CE_Loss 1.4927 (1.5639)	SCL_Loss 2.1012 (1.9671)	Prec@1 62.891 (63.586)
Best Prec@1: 45.190, Many Prec@1: 55.732, Med Prec@1: 42.195, Few Prec@1: 28.000
Epoch 159
Epoch: [159][0/49] 	Time 0.755 (0.755)	CE_Loss 1.4602 (1.4602)	SCL_Loss 1.9678 (1.9678)	Prec@1 65.234 (65.234)
Epoch: [159][40/49] 	Time 0.116 (0.133)	CE_Loss 1.5654 (1.5514)	SCL_Loss 1.8891 (1.9657)	Prec@1 66.016 (64.024)
Best Prec@1: 45.190, Many Prec@1: 55.732, Med Prec@1: 42.195, Few Prec@1: 28.000
Epoch 160
Epoch: [160][0/49] 	Time 0.732 (0.732)	CE_Loss 1.5041 (1.5041)	SCL_Loss 2.0598 (2.0598)	Prec@1 65.234 (65.234)
Epoch: [160][40/49] 	Time 0.117 (0.132)	CE_Loss 1.1719 (1.3349)	SCL_Loss 1.8921 (1.8181)	Prec@1 76.172 (70.074)
Best Prec@1: 53.500, Many Prec@1: 64.341, Med Prec@1: 49.171, Few Prec@1: 38.667
Epoch 161
Epoch: [161][0/49] 	Time 0.761 (0.761)	CE_Loss 1.3793 (1.3793)	SCL_Loss 1.9502 (1.9502)	Prec@1 71.875 (71.875)
Epoch: [161][40/49] 	Time 0.116 (0.137)	CE_Loss 1.1757 (1.1957)	SCL_Loss 1.5871 (1.6890)	Prec@1 75.781 (73.256)
Best Prec@1: 54.010, Many Prec@1: 64.780, Med Prec@1: 50.195, Few Prec@1: 38.167
Epoch 162
Epoch: [162][0/49] 	Time 0.764 (0.764)	CE_Loss 1.0708 (1.0708)	SCL_Loss 1.6586 (1.6586)	Prec@1 76.562 (76.562)
Epoch: [162][40/49] 	Time 0.117 (0.133)	CE_Loss 1.0790 (1.1704)	SCL_Loss 1.6770 (1.6616)	Prec@1 73.828 (73.666)
Best Prec@1: 54.770, Many Prec@1: 64.780, Med Prec@1: 50.805, Few Prec@1: 41.000
Epoch 163
Epoch: [163][0/49] 	Time 0.837 (0.837)	CE_Loss 1.1318 (1.1318)	SCL_Loss 1.5646 (1.5646)	Prec@1 76.562 (76.562)
Epoch: [163][40/49] 	Time 0.122 (0.136)	CE_Loss 1.1370 (1.1530)	SCL_Loss 1.6162 (1.6139)	Prec@1 72.266 (75.010)
Best Prec@1: 54.770, Many Prec@1: 64.780, Med Prec@1: 50.805, Few Prec@1: 41.000
Epoch 164
Epoch: [164][0/49] 	Time 0.733 (0.733)	CE_Loss 1.1831 (1.1831)	SCL_Loss 1.6572 (1.6572)	Prec@1 76.172 (76.172)
Epoch: [164][40/49] 	Time 0.115 (0.137)	CE_Loss 1.1736 (1.1282)	SCL_Loss 1.7114 (1.6109)	Prec@1 73.438 (75.572)
Best Prec@1: 54.770, Many Prec@1: 64.780, Med Prec@1: 50.805, Few Prec@1: 41.000
Epoch 165
Epoch: [165][0/49] 	Time 0.827 (0.827)	CE_Loss 0.9273 (0.9273)	SCL_Loss 1.3634 (1.3634)	Prec@1 79.688 (79.688)
Epoch: [165][40/49] 	Time 0.117 (0.141)	CE_Loss 1.0844 (1.1226)	SCL_Loss 1.6906 (1.5917)	Prec@1 76.953 (75.924)
Best Prec@1: 54.840, Many Prec@1: 65.512, Med Prec@1: 50.268, Few Prec@1: 40.944
Epoch 166
Epoch: [166][0/49] 	Time 0.716 (0.716)	CE_Loss 1.1865 (1.1865)	SCL_Loss 1.6968 (1.6968)	Prec@1 72.656 (72.656)
Epoch: [166][40/49] 	Time 0.114 (0.132)	CE_Loss 0.9918 (1.1023)	SCL_Loss 1.5912 (1.5721)	Prec@1 75.391 (76.286)
Best Prec@1: 55.340, Many Prec@1: 65.902, Med Prec@1: 50.366, Few Prec@1: 42.611
Epoch 167
Epoch: [167][0/49] 	Time 0.756 (0.756)	CE_Loss 1.2216 (1.2216)	SCL_Loss 1.5479 (1.5479)	Prec@1 75.781 (75.781)
Epoch: [167][40/49] 	Time 0.127 (0.136)	CE_Loss 1.2649 (1.1056)	SCL_Loss 1.5349 (1.5449)	Prec@1 71.484 (76.134)
Best Prec@1: 55.340, Many Prec@1: 65.902, Med Prec@1: 50.366, Few Prec@1: 42.611
Epoch 168
Epoch: [168][0/49] 	Time 0.731 (0.731)	CE_Loss 1.0458 (1.0458)	SCL_Loss 1.5852 (1.5852)	Prec@1 73.438 (73.438)
Epoch: [168][40/49] 	Time 0.155 (0.137)	CE_Loss 1.1548 (1.0909)	SCL_Loss 1.6583 (1.5478)	Prec@1 73.828 (76.620)
Best Prec@1: 55.340, Many Prec@1: 65.902, Med Prec@1: 50.366, Few Prec@1: 42.611
Epoch 169
Epoch: [169][0/49] 	Time 0.792 (0.792)	CE_Loss 1.0842 (1.0842)	SCL_Loss 1.5366 (1.5366)	Prec@1 79.297 (79.297)
Epoch: [169][40/49] 	Time 0.115 (0.142)	CE_Loss 1.1957 (1.0837)	SCL_Loss 1.4558 (1.5494)	Prec@1 75.000 (77.296)
Best Prec@1: 55.620, Many Prec@1: 65.780, Med Prec@1: 50.732, Few Prec@1: 43.611
Epoch 170
Epoch: [170][0/49] 	Time 0.774 (0.774)	CE_Loss 0.9749 (0.9749)	SCL_Loss 1.5859 (1.5859)	Prec@1 82.812 (82.812)
Epoch: [170][40/49] 	Time 0.120 (0.134)	CE_Loss 1.2254 (1.0659)	SCL_Loss 1.4640 (1.5348)	Prec@1 71.875 (77.630)
Best Prec@1: 55.620, Many Prec@1: 65.780, Med Prec@1: 50.732, Few Prec@1: 43.611
Epoch 171
Epoch: [171][0/49] 	Time 0.772 (0.772)	CE_Loss 1.1843 (1.1843)	SCL_Loss 1.4851 (1.4851)	Prec@1 79.297 (79.297)
Epoch: [171][40/49] 	Time 0.121 (0.138)	CE_Loss 0.9829 (1.0790)	SCL_Loss 1.5877 (1.5190)	Prec@1 79.688 (77.372)
Best Prec@1: 55.620, Many Prec@1: 65.780, Med Prec@1: 50.732, Few Prec@1: 43.611
Epoch 172
Epoch: [172][0/49] 	Time 0.727 (0.727)	CE_Loss 1.0343 (1.0343)	SCL_Loss 1.5096 (1.5096)	Prec@1 80.078 (80.078)
Epoch: [172][40/49] 	Time 0.122 (0.133)	CE_Loss 1.0488 (1.0782)	SCL_Loss 1.5452 (1.5330)	Prec@1 76.562 (77.325)
Best Prec@1: 55.620, Many Prec@1: 65.780, Med Prec@1: 50.732, Few Prec@1: 43.611
Epoch 173
Epoch: [173][0/49] 	Time 0.748 (0.748)	CE_Loss 0.9055 (0.9055)	SCL_Loss 1.5826 (1.5826)	Prec@1 82.031 (82.031)
Epoch: [173][40/49] 	Time 0.123 (0.132)	CE_Loss 1.2401 (1.0552)	SCL_Loss 1.5900 (1.5316)	Prec@1 76.562 (77.753)
Best Prec@1: 55.760, Many Prec@1: 66.463, Med Prec@1: 51.171, Few Prec@1: 41.833
Epoch 174
Epoch: [174][0/49] 	Time 0.727 (0.727)	CE_Loss 1.0521 (1.0521)	SCL_Loss 1.5142 (1.5142)	Prec@1 77.344 (77.344)
Epoch: [174][40/49] 	Time 0.116 (0.132)	CE_Loss 0.9754 (1.0403)	SCL_Loss 1.5302 (1.5058)	Prec@1 76.953 (77.963)
Best Prec@1: 55.760, Many Prec@1: 66.463, Med Prec@1: 51.171, Few Prec@1: 41.833
Epoch 175
Epoch: [175][0/49] 	Time 0.733 (0.733)	CE_Loss 0.8618 (0.8618)	SCL_Loss 1.3751 (1.3751)	Prec@1 82.812 (82.812)
Epoch: [175][40/49] 	Time 0.113 (0.132)	CE_Loss 0.8529 (1.0590)	SCL_Loss 1.4152 (1.5232)	Prec@1 81.641 (77.849)
Best Prec@1: 55.760, Many Prec@1: 66.463, Med Prec@1: 51.171, Few Prec@1: 41.833
Epoch 176
Epoch: [176][0/49] 	Time 0.708 (0.708)	CE_Loss 1.0670 (1.0670)	SCL_Loss 1.4523 (1.4523)	Prec@1 77.734 (77.734)
Epoch: [176][40/49] 	Time 0.116 (0.131)	CE_Loss 1.0585 (1.0628)	SCL_Loss 1.6123 (1.5207)	Prec@1 76.172 (77.782)
Best Prec@1: 55.760, Many Prec@1: 66.463, Med Prec@1: 51.171, Few Prec@1: 41.833
Epoch 177
Epoch: [177][0/49] 	Time 0.809 (0.809)	CE_Loss 0.8543 (0.8543)	SCL_Loss 1.4579 (1.4579)	Prec@1 78.516 (78.516)
Epoch: [177][40/49] 	Time 0.115 (0.136)	CE_Loss 0.9890 (1.0597)	SCL_Loss 1.5345 (1.5313)	Prec@1 79.297 (77.868)
Best Prec@1: 55.790, Many Prec@1: 65.854, Med Prec@1: 51.341, Few Prec@1: 43.000
Epoch 178
Epoch: [178][0/49] 	Time 0.800 (0.800)	CE_Loss 1.0422 (1.0422)	SCL_Loss 1.5208 (1.5208)	Prec@1 79.297 (79.297)
Epoch: [178][40/49] 	Time 0.116 (0.134)	CE_Loss 0.8958 (1.0285)	SCL_Loss 1.4288 (1.5022)	Prec@1 81.641 (78.620)
Best Prec@1: 55.790, Many Prec@1: 65.854, Med Prec@1: 51.341, Few Prec@1: 43.000
Epoch 179
Epoch: [179][0/49] 	Time 0.779 (0.779)	CE_Loss 1.1660 (1.1660)	SCL_Loss 1.4628 (1.4628)	Prec@1 76.562 (76.562)
Epoch: [179][40/49] 	Time 0.114 (0.134)	CE_Loss 0.9542 (1.0296)	SCL_Loss 1.4162 (1.4816)	Prec@1 80.859 (78.697)
Best Prec@1: 55.790, Many Prec@1: 65.854, Med Prec@1: 51.341, Few Prec@1: 43.000
Epoch 180
Epoch: [180][0/49] 	Time 0.730 (0.730)	CE_Loss 1.1370 (1.1370)	SCL_Loss 1.7101 (1.7101)	Prec@1 75.781 (75.781)
Epoch: [180][40/49] 	Time 0.114 (0.139)	CE_Loss 0.9213 (1.0073)	SCL_Loss 1.4304 (1.4789)	Prec@1 82.812 (79.011)
Best Prec@1: 56.510, Many Prec@1: 66.537, Med Prec@1: 51.976, Few Prec@1: 44.000
Epoch 181
Epoch: [181][0/49] 	Time 0.726 (0.726)	CE_Loss 0.9775 (0.9775)	SCL_Loss 1.3737 (1.3737)	Prec@1 76.562 (76.562)
Epoch: [181][40/49] 	Time 0.114 (0.133)	CE_Loss 1.0270 (0.9908)	SCL_Loss 1.4953 (1.4500)	Prec@1 77.734 (79.745)
Best Prec@1: 56.510, Many Prec@1: 66.537, Med Prec@1: 51.976, Few Prec@1: 44.000
Epoch 182
Epoch: [182][0/49] 	Time 0.725 (0.725)	CE_Loss 0.9830 (0.9830)	SCL_Loss 1.3297 (1.3297)	Prec@1 81.641 (81.641)
Epoch: [182][40/49] 	Time 0.155 (0.141)	CE_Loss 0.9723 (1.0046)	SCL_Loss 1.2551 (1.4324)	Prec@1 82.422 (80.373)
Best Prec@1: 56.510, Many Prec@1: 66.537, Med Prec@1: 51.976, Few Prec@1: 44.000
Epoch 183
Epoch: [183][0/49] 	Time 0.718 (0.718)	CE_Loss 0.9789 (0.9789)	SCL_Loss 1.4525 (1.4525)	Prec@1 81.250 (81.250)
Epoch: [183][40/49] 	Time 0.117 (0.135)	CE_Loss 0.9846 (0.9920)	SCL_Loss 1.4715 (1.4520)	Prec@1 79.688 (79.992)
Best Prec@1: 56.510, Many Prec@1: 66.537, Med Prec@1: 51.976, Few Prec@1: 44.000
Epoch 184
Epoch: [184][0/49] 	Time 0.750 (0.750)	CE_Loss 1.0727 (1.0727)	SCL_Loss 1.6196 (1.6196)	Prec@1 77.344 (77.344)
Epoch: [184][40/49] 	Time 0.132 (0.133)	CE_Loss 1.0141 (1.0158)	SCL_Loss 1.5200 (1.4663)	Prec@1 78.516 (79.735)
Best Prec@1: 56.510, Many Prec@1: 66.537, Med Prec@1: 51.976, Few Prec@1: 44.000
Epoch 185
Epoch: [185][0/49] 	Time 0.692 (0.692)	CE_Loss 1.0893 (1.0893)	SCL_Loss 1.4913 (1.4913)	Prec@1 75.000 (75.000)
Epoch: [185][40/49] 	Time 0.119 (0.138)	CE_Loss 0.8693 (0.9922)	SCL_Loss 1.3187 (1.4608)	Prec@1 82.031 (79.516)
Best Prec@1: 56.550, Many Prec@1: 66.976, Med Prec@1: 51.805, Few Prec@1: 43.611
Epoch 186
Epoch: [186][0/49] 	Time 0.776 (0.776)	CE_Loss 1.0563 (1.0563)	SCL_Loss 1.5102 (1.5102)	Prec@1 75.781 (75.781)
Epoch: [186][40/49] 	Time 0.116 (0.133)	CE_Loss 1.0436 (0.9791)	SCL_Loss 1.6853 (1.4506)	Prec@1 75.391 (79.554)
Best Prec@1: 56.550, Many Prec@1: 66.976, Med Prec@1: 51.805, Few Prec@1: 43.611
Epoch 187
Epoch: [187][0/49] 	Time 0.699 (0.699)	CE_Loss 0.9726 (0.9726)	SCL_Loss 1.3985 (1.3985)	Prec@1 81.250 (81.250)
Epoch: [187][40/49] 	Time 0.120 (0.139)	CE_Loss 0.9689 (0.9825)	SCL_Loss 1.5108 (1.4360)	Prec@1 78.516 (79.916)
Best Prec@1: 56.550, Many Prec@1: 66.976, Med Prec@1: 51.805, Few Prec@1: 43.611
Epoch 188
Epoch: [188][0/49] 	Time 0.719 (0.719)	CE_Loss 1.0531 (1.0531)	SCL_Loss 1.5655 (1.5655)	Prec@1 78.516 (78.516)
Epoch: [188][40/49] 	Time 0.117 (0.132)	CE_Loss 0.8462 (0.9825)	SCL_Loss 1.4209 (1.4499)	Prec@1 82.422 (79.802)
Best Prec@1: 56.710, Many Prec@1: 67.098, Med Prec@1: 51.829, Few Prec@1: 44.167
Epoch 189
Epoch: [189][0/49] 	Time 0.766 (0.766)	CE_Loss 1.0593 (1.0593)	SCL_Loss 1.4842 (1.4842)	Prec@1 79.688 (79.688)
Epoch: [189][40/49] 	Time 0.117 (0.135)	CE_Loss 0.9738 (0.9879)	SCL_Loss 1.3453 (1.4382)	Prec@1 83.984 (79.783)
Best Prec@1: 56.710, Many Prec@1: 67.098, Med Prec@1: 51.829, Few Prec@1: 44.167
Epoch 190
Epoch: [190][0/49] 	Time 0.724 (0.724)	CE_Loss 1.0294 (1.0294)	SCL_Loss 1.3790 (1.3790)	Prec@1 80.469 (80.469)
Epoch: [190][40/49] 	Time 0.127 (0.143)	CE_Loss 0.8191 (0.9664)	SCL_Loss 1.4349 (1.4469)	Prec@1 80.859 (80.383)
Best Prec@1: 56.710, Many Prec@1: 67.098, Med Prec@1: 51.829, Few Prec@1: 44.167
Epoch 191
Epoch: [191][0/49] 	Time 0.740 (0.740)	CE_Loss 0.7740 (0.7740)	SCL_Loss 1.3309 (1.3309)	Prec@1 82.812 (82.812)
Epoch: [191][40/49] 	Time 0.118 (0.135)	CE_Loss 0.9929 (0.9890)	SCL_Loss 1.4407 (1.4415)	Prec@1 77.734 (80.154)
Best Prec@1: 56.710, Many Prec@1: 67.098, Med Prec@1: 51.829, Few Prec@1: 44.167
Epoch 192
Epoch: [192][0/49] 	Time 0.728 (0.728)	CE_Loss 1.1217 (1.1217)	SCL_Loss 1.3841 (1.3841)	Prec@1 77.734 (77.734)
Epoch: [192][40/49] 	Time 0.114 (0.132)	CE_Loss 0.8700 (0.9580)	SCL_Loss 1.5407 (1.4413)	Prec@1 85.547 (80.335)
Best Prec@1: 56.710, Many Prec@1: 67.098, Med Prec@1: 51.829, Few Prec@1: 44.167
Epoch 193
Epoch: [193][0/49] 	Time 0.796 (0.796)	CE_Loss 1.0068 (1.0068)	SCL_Loss 1.4294 (1.4294)	Prec@1 80.469 (80.469)
Epoch: [193][40/49] 	Time 0.114 (0.136)	CE_Loss 0.8713 (0.9753)	SCL_Loss 1.4099 (1.4254)	Prec@1 82.031 (80.278)
Best Prec@1: 56.710, Many Prec@1: 67.098, Med Prec@1: 51.829, Few Prec@1: 44.167
Epoch 194
Epoch: [194][0/49] 	Time 0.777 (0.777)	CE_Loss 1.0687 (1.0687)	SCL_Loss 1.3981 (1.3981)	Prec@1 78.906 (78.906)
Epoch: [194][40/49] 	Time 0.118 (0.136)	CE_Loss 1.0110 (0.9491)	SCL_Loss 1.5871 (1.4229)	Prec@1 79.688 (80.583)
Best Prec@1: 56.710, Many Prec@1: 67.098, Med Prec@1: 51.829, Few Prec@1: 44.167
Epoch 195
Epoch: [195][0/49] 	Time 0.781 (0.781)	CE_Loss 0.8057 (0.8057)	SCL_Loss 1.2315 (1.2315)	Prec@1 86.719 (86.719)
Epoch: [195][40/49] 	Time 0.117 (0.140)	CE_Loss 0.9310 (0.9859)	SCL_Loss 1.5929 (1.4358)	Prec@1 78.906 (80.059)
Best Prec@1: 56.710, Many Prec@1: 67.098, Med Prec@1: 51.829, Few Prec@1: 44.167
Epoch 196
Epoch: [196][0/49] 	Time 0.770 (0.770)	CE_Loss 0.9116 (0.9116)	SCL_Loss 1.4168 (1.4168)	Prec@1 83.984 (83.984)
Epoch: [196][40/49] 	Time 0.113 (0.133)	CE_Loss 0.9691 (0.9416)	SCL_Loss 1.5276 (1.4375)	Prec@1 75.000 (80.507)
Best Prec@1: 56.710, Many Prec@1: 67.098, Med Prec@1: 51.829, Few Prec@1: 44.167
Epoch 197
Epoch: [197][0/49] 	Time 0.731 (0.731)	CE_Loss 0.9758 (0.9758)	SCL_Loss 1.4850 (1.4850)	Prec@1 84.375 (84.375)
Epoch: [197][40/49] 	Time 0.116 (0.132)	CE_Loss 1.1307 (0.9635)	SCL_Loss 1.4920 (1.4246)	Prec@1 76.953 (80.469)
Best Prec@1: 56.710, Many Prec@1: 67.098, Med Prec@1: 51.829, Few Prec@1: 44.167
Epoch 198
Epoch: [198][0/49] 	Time 0.744 (0.744)	CE_Loss 0.9432 (0.9432)	SCL_Loss 1.4039 (1.4039)	Prec@1 79.688 (79.688)
Epoch: [198][40/49] 	Time 0.114 (0.132)	CE_Loss 0.9862 (0.9650)	SCL_Loss 1.3840 (1.4273)	Prec@1 79.297 (80.716)
Best Prec@1: 56.710, Many Prec@1: 67.098, Med Prec@1: 51.829, Few Prec@1: 44.167
Epoch 199
Epoch: [199][0/49] 	Time 0.689 (0.689)	CE_Loss 1.0293 (1.0293)	SCL_Loss 1.4143 (1.4143)	Prec@1 75.391 (75.391)
Epoch: [199][40/49] 	Time 0.119 (0.131)	CE_Loss 1.0109 (0.9556)	SCL_Loss 1.5989 (1.4481)	Prec@1 79.688 (80.250)
Best Prec@1: 56.710, Many Prec@1: 67.098, Med Prec@1: 51.829, Few Prec@1: 44.167
===> Val dataset size: 10000
/home/xiongshihao/code/proco/ProCo_cifar/main.py:346: FutureWarning: You are using `torch.load` with `weights_only=False` (the current default value), which uses the default pickle module implicitly. It is possible to construct malicious pickle data which will execute arbitrary code during unpickling (See https://github.com/pytorch/pytorch/blob/main/SECURITY.md#untrusted-models for more details). In a future release, the default value for `weights_only` will be flipped to `True`. This limits the functions that could be executed during unpickling. Arbitrary objects will no longer be allowed to be loaded via this mode unless they are explicitly allowlisted by the user via `torch.serialization.add_safe_globals`. We recommend you start setting `weights_only=True` for any use case where you don't have full control of the loaded file. Please open an issue on GitHub for any issues related to this experimental feature.
  checkpoint = torch.load(filename, map_location='cpu')
=> reload best checkpoint 'saved/dataset_cifar100_imb0.02_lr0.3_batch_size256_N_GPU1_epochs200/ckpt.best.pth.tar' (epoch 189, best_acc1 56.709999084472656, best_many 67.09756097560977, best_med 51.829268292682926, best_few 44.166666666666664)
Prec@1: 56.710, Many Prec@1: 67.098, Med Prec@1: 51.829, Few Prec@1: 44.167
[rank0]:[W1202 11:08:54.133554723 ProcessGroupNCCL.cpp:1250] Warning: WARNING: process group has NOT been destroyed before we destruct ProcessGroupNCCL. On normal program exit, the application should call destroy_process_group to ensure that any pending NCCL operations have finished in this process. In rare cases this process can exit before this point and block the progress of another member of the process group. This constraint has always been present,  but this warning has only been added since PyTorch 2.4 (function operator())
